SF:/Users/rt/workspace/synod/src/adapters/agent.rs
FN:22,_RNvMNtNtCs3oCotP8OZr6_5synod8adapters5agentINtB2_14FnAgentAdapterNCNvMNtNtB6_12orchestrator15session_runtimeNtB16_14SessionRuntime25native_adapter_registries0E3newB6_
FN:22,_RNvMNtNtCs3oCotP8OZr6_5synod8adapters5agentINtB2_14FnAgentAdapterNCNvMNtNtB6_12orchestrator15session_runtimeNtB16_14SessionRuntime25native_adapter_registriess0_0E3newB6_
FN:22,_RNvMNtNtCs3oCotP8OZr6_5synod8adapters5agentINtB2_14FnAgentAdapterNCNvNtB6_7fixture30build_fixture_runtime_for_flows0_0E3newB6_
FN:22,_RNvMNtNtCs3oCotP8OZr6_5synod8adapters5agentINtB2_14FnAgentAdapterNCNvNtB6_7fixture30build_fixture_runtime_for_flows1_0E3newB6_
FN:22,_RNvMNtNtCs3oCotP8OZr6_5synod8adapters5agentINtB2_14FnAgentAdapterNCNvNtB6_7fixture30build_fixture_runtime_for_flows2_0E3newB6_
FN:22,_RNvMNtNtCs3oCotP8OZr6_5synod8adapters5agentINtB2_14FnAgentAdapterNCNvNtNtNtB6_12orchestrator6engine5testss_59execute_step_dispatches_registered_agent_and_tool_endpoints0E3newB6_
FN:22,_RNvMNtNtCs3oCotP8OZr6_5synod8adapters5agentINtB2_14FnAgentAdapterNCNvNtNtNtB6_12orchestrator6engine5testss_64run_normalizes_invalid_agent_results_into_unrecoverable_failures0E3newB6_
FN:31,_RNvXs_NtNtCs3oCotP8OZr6_5synod8adapters5agentINtB4_14FnAgentAdapterNCNvMNtNtB8_12orchestrator15session_runtimeNtB18_14SessionRuntime25native_adapter_registries0ENtB4_12AgentAdapter7executeB8_
FN:31,_RNvXs_NtNtCs3oCotP8OZr6_5synod8adapters5agentINtB4_14FnAgentAdapterNCNvMNtNtB8_12orchestrator15session_runtimeNtB18_14SessionRuntime25native_adapter_registriess0_0ENtB4_12AgentAdapter7executeB8_
FN:31,_RNvXs_NtNtCs3oCotP8OZr6_5synod8adapters5agentINtB4_14FnAgentAdapterNCNvNtB8_7fixture30build_fixture_runtime_for_flows0_0ENtB4_12AgentAdapter7executeB8_
FN:31,_RNvXs_NtNtCs3oCotP8OZr6_5synod8adapters5agentINtB4_14FnAgentAdapterNCNvNtB8_7fixture30build_fixture_runtime_for_flows1_0ENtB4_12AgentAdapter7executeB8_
FN:31,_RNvXs_NtNtCs3oCotP8OZr6_5synod8adapters5agentINtB4_14FnAgentAdapterNCNvNtB8_7fixture30build_fixture_runtime_for_flows2_0ENtB4_12AgentAdapter7executeB8_
FN:31,_RNvXs_NtNtCs3oCotP8OZr6_5synod8adapters5agentINtB4_14FnAgentAdapterNCNvNtNtNtB8_12orchestrator6engine5testss_59execute_step_dispatches_registered_agent_and_tool_endpoints0ENtB4_12AgentAdapter7executeB8_
FN:31,_RNvXs_NtNtCs3oCotP8OZr6_5synod8adapters5agentINtB4_14FnAgentAdapterNCNvNtNtNtB8_12orchestrator6engine5testss_64run_normalizes_invalid_agent_results_into_unrecoverable_failures0ENtB4_12AgentAdapter7executeB8_
FNDA:4,_RNvMNtNtCs3oCotP8OZr6_5synod8adapters5agentINtB2_14FnAgentAdapterNCNvMNtNtB6_12orchestrator15session_runtimeNtB16_14SessionRuntime25native_adapter_registries0E3newB6_
FNDA:4,_RNvMNtNtCs3oCotP8OZr6_5synod8adapters5agentINtB2_14FnAgentAdapterNCNvMNtNtB6_12orchestrator15session_runtimeNtB16_14SessionRuntime25native_adapter_registriess0_0E3newB6_
FNDA:28,_RNvMNtNtCs3oCotP8OZr6_5synod8adapters5agentINtB2_14FnAgentAdapterNCNvNtB6_7fixture30build_fixture_runtime_for_flows0_0E3newB6_
FNDA:28,_RNvMNtNtCs3oCotP8OZr6_5synod8adapters5agentINtB2_14FnAgentAdapterNCNvNtB6_7fixture30build_fixture_runtime_for_flows1_0E3newB6_
FNDA:28,_RNvMNtNtCs3oCotP8OZr6_5synod8adapters5agentINtB2_14FnAgentAdapterNCNvNtB6_7fixture30build_fixture_runtime_for_flows2_0E3newB6_
FNDA:1,_RNvMNtNtCs3oCotP8OZr6_5synod8adapters5agentINtB2_14FnAgentAdapterNCNvNtNtNtB6_12orchestrator6engine5testss_59execute_step_dispatches_registered_agent_and_tool_endpoints0E3newB6_
FNDA:1,_RNvMNtNtCs3oCotP8OZr6_5synod8adapters5agentINtB2_14FnAgentAdapterNCNvNtNtNtB6_12orchestrator6engine5testss_64run_normalizes_invalid_agent_results_into_unrecoverable_failures0E3newB6_
FNDA:4,_RNvXs_NtNtCs3oCotP8OZr6_5synod8adapters5agentINtB4_14FnAgentAdapterNCNvMNtNtB8_12orchestrator15session_runtimeNtB18_14SessionRuntime25native_adapter_registries0ENtB4_12AgentAdapter7executeB8_
FNDA:4,_RNvXs_NtNtCs3oCotP8OZr6_5synod8adapters5agentINtB4_14FnAgentAdapterNCNvMNtNtB8_12orchestrator15session_runtimeNtB18_14SessionRuntime25native_adapter_registriess0_0ENtB4_12AgentAdapter7executeB8_
FNDA:5,_RNvXs_NtNtCs3oCotP8OZr6_5synod8adapters5agentINtB4_14FnAgentAdapterNCNvNtB8_7fixture30build_fixture_runtime_for_flows0_0ENtB4_12AgentAdapter7executeB8_
FNDA:8,_RNvXs_NtNtCs3oCotP8OZr6_5synod8adapters5agentINtB4_14FnAgentAdapterNCNvNtB8_7fixture30build_fixture_runtime_for_flows1_0ENtB4_12AgentAdapter7executeB8_
FNDA:2,_RNvXs_NtNtCs3oCotP8OZr6_5synod8adapters5agentINtB4_14FnAgentAdapterNCNvNtB8_7fixture30build_fixture_runtime_for_flows2_0ENtB4_12AgentAdapter7executeB8_
FNDA:1,_RNvXs_NtNtCs3oCotP8OZr6_5synod8adapters5agentINtB4_14FnAgentAdapterNCNvNtNtNtB8_12orchestrator6engine5testss_59execute_step_dispatches_registered_agent_and_tool_endpoints0ENtB4_12AgentAdapter7executeB8_
FNDA:1,_RNvXs_NtNtCs3oCotP8OZr6_5synod8adapters5agentINtB4_14FnAgentAdapterNCNvNtNtNtB8_12orchestrator6engine5testss_64run_normalizes_invalid_agent_results_into_unrecoverable_failures0ENtB4_12AgentAdapter7executeB8_
FNF:2
FNH:2
DA:22,94
DA:23,94
DA:24,94
DA:31,25
DA:32,25
DA:33,25
BRF:0
BRH:0
LF:6
LH:6
end_of_record
SF:/Users/rt/workspace/synod/src/adapters/cluster_store.rs
FN:16,_RNvMNtNtCs3oCotP8OZr6_5synod8adapters13cluster_storeNtB2_16FileClusterStore13for_workspace
FN:20,_RNvMNtNtCs3oCotP8OZr6_5synod8adapters13cluster_storeNtB2_16FileClusterStore19cluster_config_path
FN:24,_RNvMNtNtCs3oCotP8OZr6_5synod8adapters13cluster_storeNtB2_16FileClusterStore4load
FN:28,_RNvMNtNtCs3oCotP8OZr6_5synod8adapters13cluster_storeNtB2_16FileClusterStore4save
FN:52,_RNvNtNtCs3oCotP8OZr6_5synod8adapters13cluster_store12save_to_path
FN:33,_RNvNtNtCs3oCotP8OZr6_5synod8adapters13cluster_store14load_from_path
FN:54,_RNCNvNtNtCs3oCotP8OZr6_5synod8adapters13cluster_store12save_to_path0B7_
FN:63,_RNCNvNtNtCs3oCotP8OZr6_5synod8adapters13cluster_store12save_to_paths0_0B7_
FN:67,_RNCNvNtNtCs3oCotP8OZr6_5synod8adapters13cluster_store12save_to_paths1_0B7_
FN:59,_RNCNvNtNtCs3oCotP8OZr6_5synod8adapters13cluster_store12save_to_paths_0B7_
FN:39,_RNCNvNtNtCs3oCotP8OZr6_5synod8adapters13cluster_store14load_from_path0B7_
FN:45,_RNCNvNtNtCs3oCotP8OZr6_5synod8adapters13cluster_store14load_from_paths0_0B7_
FN:42,_RNCNvNtNtCs3oCotP8OZr6_5synod8adapters13cluster_store14load_from_paths_0B7_
FN:98,_RNvNtNtNtCs3oCotP8OZr6_5synod8adapters13cluster_store5testss_31cluster_config_round_trip_works
FNDA:45,_RNvMNtNtCs3oCotP8OZr6_5synod8adapters13cluster_storeNtB2_16FileClusterStore13for_workspace
FNDA:47,_RNvMNtNtCs3oCotP8OZr6_5synod8adapters13cluster_storeNtB2_16FileClusterStore19cluster_config_path
FNDA:44,_RNvMNtNtCs3oCotP8OZr6_5synod8adapters13cluster_storeNtB2_16FileClusterStore4load
FNDA:2,_RNvMNtNtCs3oCotP8OZr6_5synod8adapters13cluster_storeNtB2_16FileClusterStore4save
FNDA:2,_RNvNtNtCs3oCotP8OZr6_5synod8adapters13cluster_store12save_to_path
FNDA:44,_RNvNtNtCs3oCotP8OZr6_5synod8adapters13cluster_store14load_from_path
FNDA:0,_RNCNvNtNtCs3oCotP8OZr6_5synod8adapters13cluster_store12save_to_path0B7_
FNDA:0,_RNCNvNtNtCs3oCotP8OZr6_5synod8adapters13cluster_store12save_to_paths0_0B7_
FNDA:0,_RNCNvNtNtCs3oCotP8OZr6_5synod8adapters13cluster_store12save_to_paths1_0B7_
FNDA:0,_RNCNvNtNtCs3oCotP8OZr6_5synod8adapters13cluster_store12save_to_paths_0B7_
FNDA:0,_RNCNvNtNtCs3oCotP8OZr6_5synod8adapters13cluster_store14load_from_path0B7_
FNDA:0,_RNCNvNtNtCs3oCotP8OZr6_5synod8adapters13cluster_store14load_from_paths0_0B7_
FNDA:0,_RNCNvNtNtCs3oCotP8OZr6_5synod8adapters13cluster_store14load_from_paths_0B7_
FNDA:1,_RNvNtNtNtCs3oCotP8OZr6_5synod8adapters13cluster_store5testss_31cluster_config_round_trip_works
FNF:14
FNH:7
DA:16,45
DA:17,45
DA:18,45
DA:20,47
DA:21,47
DA:22,47
DA:24,44
DA:25,44
DA:26,44
DA:28,2
DA:29,2
DA:30,2
DA:33,44
DA:34,44
DA:35,41
DA:36,3
DA:38,3
DA:39,3
DA:41,3
DA:42,3
DA:44,3
DA:45,0
DA:46,0
DA:47,0
DA:49,3
DA:50,44
DA:52,2
DA:53,2
DA:54,0
DA:55,0
DA:56,0
DA:58,2
DA:59,2
DA:61,2
DA:62,2
DA:63,2
DA:64,0
DA:66,2
DA:67,2
DA:69,2
DA:70,2
DA:98,1
DA:99,1
DA:100,1
DA:102,1
DA:103,1
DA:104,1
DA:105,1
DA:106,1
DA:107,1
DA:108,1
DA:109,1
DA:110,1
DA:111,1
DA:112,1
DA:113,1
DA:114,1
DA:115,1
DA:116,1
DA:117,1
DA:118,1
DA:119,1
DA:120,1
DA:121,1
DA:122,1
DA:123,1
DA:124,1
DA:126,1
DA:127,1
DA:129,1
DA:130,1
DA:131,1
BRF:0
BRH:0
LF:79
LH:65
end_of_record
SF:/Users/rt/workspace/synod/src/adapters/config_store.rs
FN:122,_RNvNtNtNtCs3oCotP8OZr6_5synod8adapters12config_store5testss_22local_round_trip_works
FN:139,_RNvNtNtNtCs3oCotP8OZr6_5synod8adapters12config_store5testss_39local_routing_returns_none_when_missing
FN:148,_RNvNtNtNtCs3oCotP8OZr6_5synod8adapters12config_store5testss_40invalid_routing_is_rejected_before_write
FN:30,_RNCNvMNtNtCs3oCotP8OZr6_5synod8adapters12config_storeNtB4_15FileConfigStore18global_config_path0B8_
FN:80,_RNCNvNtNtCs3oCotP8OZr6_5synod8adapters12config_store12save_to_path0B7_
FN:89,_RNCNvNtNtCs3oCotP8OZr6_5synod8adapters12config_store12save_to_paths0_0B7_
FN:93,_RNCNvNtNtCs3oCotP8OZr6_5synod8adapters12config_store12save_to_paths1_0B7_
FN:85,_RNCNvNtNtCs3oCotP8OZr6_5synod8adapters12config_store12save_to_paths_0B7_
FN:65,_RNCNvNtNtCs3oCotP8OZr6_5synod8adapters12config_store14load_from_path0B7_
FN:71,_RNCNvNtNtCs3oCotP8OZr6_5synod8adapters12config_store14load_from_paths0_0B7_
FN:68,_RNCNvNtNtCs3oCotP8OZr6_5synod8adapters12config_store14load_from_paths_0B7_
FN:34,_RNvMNtNtCs3oCotP8OZr6_5synod8adapters12config_storeNtB2_15FileConfigStore10load_local
FN:38,_RNvMNtNtCs3oCotP8OZr6_5synod8adapters12config_storeNtB2_15FileConfigStore10save_local
FN:42,_RNvMNtNtCs3oCotP8OZr6_5synod8adapters12config_storeNtB2_15FileConfigStore11load_global
FN:46,_RNvMNtNtCs3oCotP8OZr6_5synod8adapters12config_storeNtB2_15FileConfigStore11save_global
FN:17,_RNvMNtNtCs3oCotP8OZr6_5synod8adapters12config_storeNtB2_15FileConfigStore13for_workspace
FN:50,_RNvMNtNtCs3oCotP8OZr6_5synod8adapters12config_storeNtB2_15FileConfigStore13local_routing
FN:54,_RNvMNtNtCs3oCotP8OZr6_5synod8adapters12config_storeNtB2_15FileConfigStore14global_routing
FN:21,_RNvMNtNtCs3oCotP8OZr6_5synod8adapters12config_storeNtB2_15FileConfigStore17local_config_path
FN:25,_RNvMNtNtCs3oCotP8OZr6_5synod8adapters12config_storeNtB2_15FileConfigStore18global_config_path
FN:78,_RNvNtNtCs3oCotP8OZr6_5synod8adapters12config_store12save_to_path
FN:59,_RNvNtNtCs3oCotP8OZr6_5synod8adapters12config_store14load_from_path
FNDA:1,_RNvNtNtNtCs3oCotP8OZr6_5synod8adapters12config_store5testss_22local_round_trip_works
FNDA:1,_RNvNtNtNtCs3oCotP8OZr6_5synod8adapters12config_store5testss_39local_routing_returns_none_when_missing
FNDA:1,_RNvNtNtNtCs3oCotP8OZr6_5synod8adapters12config_store5testss_40invalid_routing_is_rejected_before_write
FNDA:0,_RNCNvMNtNtCs3oCotP8OZr6_5synod8adapters12config_storeNtB4_15FileConfigStore18global_config_path0B8_
FNDA:1,_RNCNvNtNtCs3oCotP8OZr6_5synod8adapters12config_store12save_to_path0B7_
FNDA:0,_RNCNvNtNtCs3oCotP8OZr6_5synod8adapters12config_store12save_to_paths0_0B7_
FNDA:0,_RNCNvNtNtCs3oCotP8OZr6_5synod8adapters12config_store12save_to_paths1_0B7_
FNDA:0,_RNCNvNtNtCs3oCotP8OZr6_5synod8adapters12config_store12save_to_paths_0B7_
FNDA:0,_RNCNvNtNtCs3oCotP8OZr6_5synod8adapters12config_store14load_from_path0B7_
FNDA:0,_RNCNvNtNtCs3oCotP8OZr6_5synod8adapters12config_store14load_from_paths0_0B7_
FNDA:0,_RNCNvNtNtCs3oCotP8OZr6_5synod8adapters12config_store14load_from_paths_0B7_
FNDA:78,_RNvMNtNtCs3oCotP8OZr6_5synod8adapters12config_storeNtB2_15FileConfigStore10load_local
FNDA:2,_RNvMNtNtCs3oCotP8OZr6_5synod8adapters12config_storeNtB2_15FileConfigStore10save_local
FNDA:42,_RNvMNtNtCs3oCotP8OZr6_5synod8adapters12config_storeNtB2_15FileConfigStore11load_global
FNDA:0,_RNvMNtNtCs3oCotP8OZr6_5synod8adapters12config_storeNtB2_15FileConfigStore11save_global
FNDA:79,_RNvMNtNtCs3oCotP8OZr6_5synod8adapters12config_storeNtB2_15FileConfigStore13for_workspace
FNDA:73,_RNvMNtNtCs3oCotP8OZr6_5synod8adapters12config_storeNtB2_15FileConfigStore13local_routing
FNDA:42,_RNvMNtNtCs3oCotP8OZr6_5synod8adapters12config_storeNtB2_15FileConfigStore14global_routing
FNDA:80,_RNvMNtNtCs3oCotP8OZr6_5synod8adapters12config_storeNtB2_15FileConfigStore17local_config_path
FNDA:42,_RNvMNtNtCs3oCotP8OZr6_5synod8adapters12config_storeNtB2_15FileConfigStore18global_config_path
FNDA:2,_RNvNtNtCs3oCotP8OZr6_5synod8adapters12config_store12save_to_path
FNDA:120,_RNvNtNtCs3oCotP8OZr6_5synod8adapters12config_store14load_from_path
FNF:22
FNH:14
DA:17,79
DA:18,79
DA:19,79
DA:21,80
DA:22,80
DA:23,80
DA:25,42
DA:26,42
DA:27,0
DA:28,42
DA:30,42
DA:31,42
DA:32,42
DA:34,78
DA:35,78
DA:36,78
DA:38,2
DA:39,2
DA:40,2
DA:42,42
DA:43,42
DA:44,42
DA:46,0
DA:47,0
DA:48,0
DA:50,73
DA:51,73
DA:52,73
DA:54,42
DA:55,42
DA:56,42
DA:59,120
DA:60,120
DA:61,119
DA:62,1
DA:64,1
DA:65,1
DA:67,1
DA:68,1
DA:70,1
DA:71,0
DA:72,0
DA:73,0
DA:75,1
DA:76,120
DA:78,2
DA:79,2
DA:80,1
DA:81,1
DA:82,1
DA:84,1
DA:85,1
DA:87,1
DA:88,1
DA:89,1
DA:90,0
DA:92,1
DA:93,1
DA:95,1
DA:96,2
DA:122,1
DA:123,1
DA:124,1
DA:126,1
DA:127,1
DA:128,1
DA:129,1
DA:131,1
DA:132,1
DA:134,1
DA:135,1
DA:136,1
DA:139,1
DA:140,1
DA:141,1
DA:142,1
DA:143,1
DA:144,1
DA:145,1
DA:148,1
DA:149,1
DA:150,1
DA:151,1
DA:153,1
DA:154,1
DA:155,1
DA:156,1
DA:157,1
DA:158,1
DA:159,1
DA:160,1
DA:162,1
DA:163,1
DA:164,1
BRF:0
BRH:0
LF:102
LH:87
end_of_record
SF:/Users/rt/workspace/synod/src/adapters/governance_runtime.rs
FN:210,_RNvMs_NtNtCs3oCotP8OZr6_5synod8adapters18governance_runtimeNtB4_15CanonCliRuntime17working_directory
FN:206,_RNvMs_NtNtCs3oCotP8OZr6_5synod8adapters18governance_runtimeNtB4_15CanonCliRuntime7command
FN:94,_RNvXNtNtCs3oCotP8OZr6_5synod8adapters18governance_runtimeNtB2_22LocalGovernanceRuntimeNtB2_17GovernanceRuntime4kind
FN:216,_RNvXs0_NtNtCs3oCotP8OZr6_5synod8adapters18governance_runtimeNtB5_15CanonCliRuntimeNtB5_17GovernanceRuntime4kind
FN:201,_RINvMs_NtNtCs3oCotP8OZr6_5synod8adapters18governance_runtimeNtB5_15CanonCliRuntime22with_working_directoryRNtNtCsg55jX0GwzBC_3std4path7PathBufEB9_
FN:197,_RINvMs_NtNtCs3oCotP8OZr6_5synod8adapters18governance_runtimeNtB5_15CanonCliRuntime3newNtNtCs1OjIl8oxbrv_5alloc6string6StringEB9_
FN:394,_RNCNCNvNtNtCs3oCotP8OZr6_5synod8adapters18governance_runtime24normalize_canon_response00B9_
FN:420,_RNCNCNvNtNtCs3oCotP8OZr6_5synod8adapters18governance_runtime24normalize_canon_response0s_0B9_
FN:118,_RNCNCNvXNtNtCs3oCotP8OZr6_5synod8adapters18governance_runtimeNtB6_22LocalGovernanceRuntimeNtB6_17GovernanceRuntime7execute00Ba_
FN:119,_RNCNCNvXNtNtCs3oCotP8OZr6_5synod8adapters18governance_runtimeNtB6_22LocalGovernanceRuntimeNtB6_17GovernanceRuntime7execute0s_0Ba_
FN:368,_RNCNvNtNtCs3oCotP8OZr6_5synod8adapters18governance_runtime22validate_canon_request0B7_
FN:392,_RNCNvNtNtCs3oCotP8OZr6_5synod8adapters18governance_runtime24normalize_canon_response0B7_
FN:427,_RNCNvNtNtCs3oCotP8OZr6_5synod8adapters18governance_runtime24normalize_canon_responses_0B7_
FN:114,_RNCNvXNtNtCs3oCotP8OZr6_5synod8adapters18governance_runtimeNtB4_22LocalGovernanceRuntimeNtB4_17GovernanceRuntime7execute0B8_
FN:144,_RNCNvXNtNtCs3oCotP8OZr6_5synod8adapters18governance_runtimeNtB4_22LocalGovernanceRuntimeNtB4_17GovernanceRuntime7executes0_0B8_
FN:145,_RNCNvXNtNtCs3oCotP8OZr6_5synod8adapters18governance_runtimeNtB4_22LocalGovernanceRuntimeNtB4_17GovernanceRuntime7executes1_0B8_
FN:148,_RNCNvXNtNtCs3oCotP8OZr6_5synod8adapters18governance_runtimeNtB4_22LocalGovernanceRuntimeNtB4_17GovernanceRuntime7executes2_0B8_
FN:155,_RNCNvXNtNtCs3oCotP8OZr6_5synod8adapters18governance_runtimeNtB4_22LocalGovernanceRuntimeNtB4_17GovernanceRuntime7executes3_0B8_
FN:135,_RNCNvXNtNtCs3oCotP8OZr6_5synod8adapters18governance_runtimeNtB4_22LocalGovernanceRuntimeNtB4_17GovernanceRuntime7executes_0B8_
FN:241,_RNCNvXs0_NtNtCs3oCotP8OZr6_5synod8adapters18governance_runtimeNtB7_15CanonCliRuntimeNtB7_17GovernanceRuntime7execute0Bb_
FN:334,_RNvNtNtCs3oCotP8OZr6_5synod8adapters18governance_runtime17request_kind_text
FN:376,_RNvNtNtCs3oCotP8OZr6_5synod8adapters18governance_runtime20parse_canon_response
FN:452,_RNvNtNtCs3oCotP8OZr6_5synod8adapters18governance_runtime21failed_canon_response
FN:442,_RNvNtNtCs3oCotP8OZr6_5synod8adapters18governance_runtime22blocked_canon_response
FN:341,_RNvNtNtCs3oCotP8OZr6_5synod8adapters18governance_runtime22default_approval_state
FN:349,_RNvNtNtCs3oCotP8OZr6_5synod8adapters18governance_runtime22validate_canon_request
FN:345,_RNvNtNtCs3oCotP8OZr6_5synod8adapters18governance_runtime24default_packet_readiness
FN:388,_RNvNtNtCs3oCotP8OZr6_5synod8adapters18governance_runtime24normalize_canon_response
FN:98,_RNvXNtNtCs3oCotP8OZr6_5synod8adapters18governance_runtimeNtB2_22LocalGovernanceRuntimeNtB2_17GovernanceRuntime7execute
FN:220,_RNvXs0_NtNtCs3oCotP8OZr6_5synod8adapters18governance_runtimeNtB5_15CanonCliRuntimeNtB5_17GovernanceRuntime7execute
FNDA:0,_RNvMs_NtNtCs3oCotP8OZr6_5synod8adapters18governance_runtimeNtB4_15CanonCliRuntime17working_directory
FNDA:0,_RNvMs_NtNtCs3oCotP8OZr6_5synod8adapters18governance_runtimeNtB4_15CanonCliRuntime7command
FNDA:0,_RNvXNtNtCs3oCotP8OZr6_5synod8adapters18governance_runtimeNtB2_22LocalGovernanceRuntimeNtB2_17GovernanceRuntime4kind
FNDA:0,_RNvXs0_NtNtCs3oCotP8OZr6_5synod8adapters18governance_runtimeNtB5_15CanonCliRuntimeNtB5_17GovernanceRuntime4kind
FNDA:1,_RINvMs_NtNtCs3oCotP8OZr6_5synod8adapters18governance_runtimeNtB5_15CanonCliRuntime22with_working_directoryRNtNtCsg55jX0GwzBC_3std4path7PathBufEB9_
FNDA:1,_RINvMs_NtNtCs3oCotP8OZr6_5synod8adapters18governance_runtimeNtB5_15CanonCliRuntime3newNtNtCs1OjIl8oxbrv_5alloc6string6StringEB9_
FNDA:0,_RNCNCNvNtNtCs3oCotP8OZr6_5synod8adapters18governance_runtime24normalize_canon_response00B9_
FNDA:0,_RNCNCNvNtNtCs3oCotP8OZr6_5synod8adapters18governance_runtime24normalize_canon_response0s_0B9_
FNDA:0,_RNCNCNvXNtNtCs3oCotP8OZr6_5synod8adapters18governance_runtimeNtB6_22LocalGovernanceRuntimeNtB6_17GovernanceRuntime7execute00Ba_
FNDA:0,_RNCNCNvXNtNtCs3oCotP8OZr6_5synod8adapters18governance_runtimeNtB6_22LocalGovernanceRuntimeNtB6_17GovernanceRuntime7execute0s_0Ba_
FNDA:0,_RNCNvNtNtCs3oCotP8OZr6_5synod8adapters18governance_runtime22validate_canon_request0B7_
FNDA:1,_RNCNvNtNtCs3oCotP8OZr6_5synod8adapters18governance_runtime24normalize_canon_response0B7_
FNDA:1,_RNCNvNtNtCs3oCotP8OZr6_5synod8adapters18governance_runtime24normalize_canon_responses_0B7_
FNDA:2,_RNCNvXNtNtCs3oCotP8OZr6_5synod8adapters18governance_runtimeNtB4_22LocalGovernanceRuntimeNtB4_17GovernanceRuntime7execute0B8_
FNDA:2,_RNCNvXNtNtCs3oCotP8OZr6_5synod8adapters18governance_runtimeNtB4_22LocalGovernanceRuntimeNtB4_17GovernanceRuntime7executes0_0B8_
FNDA:0,_RNCNvXNtNtCs3oCotP8OZr6_5synod8adapters18governance_runtimeNtB4_22LocalGovernanceRuntimeNtB4_17GovernanceRuntime7executes1_0B8_
FNDA:2,_RNCNvXNtNtCs3oCotP8OZr6_5synod8adapters18governance_runtimeNtB4_22LocalGovernanceRuntimeNtB4_17GovernanceRuntime7executes2_0B8_
FNDA:0,_RNCNvXNtNtCs3oCotP8OZr6_5synod8adapters18governance_runtimeNtB4_22LocalGovernanceRuntimeNtB4_17GovernanceRuntime7executes3_0B8_
FNDA:2,_RNCNvXNtNtCs3oCotP8OZr6_5synod8adapters18governance_runtimeNtB4_22LocalGovernanceRuntimeNtB4_17GovernanceRuntime7executes_0B8_
FNDA:0,_RNCNvXs0_NtNtCs3oCotP8OZr6_5synod8adapters18governance_runtimeNtB7_15CanonCliRuntimeNtB7_17GovernanceRuntime7execute0Bb_
FNDA:1,_RNvNtNtCs3oCotP8OZr6_5synod8adapters18governance_runtime17request_kind_text
FNDA:1,_RNvNtNtCs3oCotP8OZr6_5synod8adapters18governance_runtime20parse_canon_response
FNDA:0,_RNvNtNtCs3oCotP8OZr6_5synod8adapters18governance_runtime21failed_canon_response
FNDA:0,_RNvNtNtCs3oCotP8OZr6_5synod8adapters18governance_runtime22blocked_canon_response
FNDA:0,_RNvNtNtCs3oCotP8OZr6_5synod8adapters18governance_runtime22default_approval_state
FNDA:1,_RNvNtNtCs3oCotP8OZr6_5synod8adapters18governance_runtime22validate_canon_request
FNDA:0,_RNvNtNtCs3oCotP8OZr6_5synod8adapters18governance_runtime24default_packet_readiness
FNDA:1,_RNvNtNtCs3oCotP8OZr6_5synod8adapters18governance_runtime24normalize_canon_response
FNDA:2,_RNvXNtNtCs3oCotP8OZr6_5synod8adapters18governance_runtimeNtB2_22LocalGovernanceRuntimeNtB2_17GovernanceRuntime7execute
FNDA:1,_RNvXs0_NtNtCs3oCotP8OZr6_5synod8adapters18governance_runtimeNtB5_15CanonCliRuntimeNtB5_17GovernanceRuntime7execute
FNF:30
FNH:14
DA:94,0
DA:95,0
DA:96,0
DA:98,2
DA:99,2
DA:100,2
DA:101,2
DA:102,2
DA:103,0
DA:104,0
DA:105,0
DA:106,2
DA:108,2
DA:109,0
DA:110,0
DA:111,0
DA:112,2
DA:114,2
DA:115,2
DA:116,2
DA:117,2
DA:118,2
DA:119,2
DA:120,2
DA:122,2
DA:123,0
DA:124,0
DA:125,0
DA:126,0
DA:127,0
DA:128,0
DA:129,0
DA:130,0
DA:131,0
DA:132,0
DA:133,2
DA:135,2
DA:136,2
DA:138,2
DA:141,2
DA:143,2
DA:144,2
DA:145,0
DA:147,2
DA:148,2
DA:149,2
DA:150,0
DA:152,2
DA:154,2
DA:155,0
DA:157,2
DA:158,0
DA:160,2
DA:163,2
DA:164,2
DA:165,2
DA:166,2
DA:167,2
DA:168,2
DA:169,2
DA:170,2
DA:171,2
DA:172,2
DA:174,2
DA:175,2
DA:177,0
DA:180,2
DA:181,2
DA:182,2
DA:183,2
DA:184,2
DA:185,2
DA:186,2
DA:187,2
DA:197,1
DA:198,1
DA:199,1
DA:201,1
DA:202,1
DA:203,1
DA:204,1
DA:206,0
DA:207,0
DA:208,0
DA:210,0
DA:211,0
DA:212,0
DA:216,0
DA:217,0
DA:218,0
DA:220,1
DA:221,1
DA:222,1
DA:223,1
DA:224,1
DA:225,0
DA:226,0
DA:227,0
DA:228,1
DA:230,1
DA:231,0
DA:232,0
DA:233,0
DA:234,1
DA:236,1
DA:237,0
DA:238,1
DA:240,1
DA:241,1
DA:243,1
DA:244,1
DA:245,1
DA:246,1
DA:247,1
DA:248,1
DA:249,1
DA:250,1
DA:252,1
DA:253,1
DA:254,1
DA:255,0
DA:256,0
DA:258,1
DA:259,1
DA:260,0
DA:261,0
DA:262,0
DA:263,0
DA:264,0
DA:268,1
DA:269,1
DA:271,0
DA:272,0
DA:273,0
DA:274,0
DA:275,0
DA:276,1
DA:278,1
DA:279,1
DA:280,0
DA:281,0
DA:282,0
DA:283,0
DA:284,0
DA:288,1
DA:289,1
DA:290,0
DA:292,0
DA:293,0
DA:294,0
DA:296,0
DA:297,0
DA:300,0
DA:303,0
DA:306,0
DA:309,1
DA:334,1
DA:335,1
DA:336,1
DA:337,0
DA:339,1
DA:341,0
DA:342,0
DA:343,0
DA:345,0
DA:346,0
DA:347,0
DA:349,1
DA:350,1
DA:351,0
DA:352,1
DA:353,0
DA:354,1
DA:355,0
DA:356,1
DA:357,0
DA:358,1
DA:359,0
DA:360,1
DA:361,0
DA:363,0
DA:365,1
DA:368,1
DA:369,0
DA:373,0
DA:374,1
DA:376,1
DA:377,1
DA:378,1
DA:379,1
DA:380,1
DA:381,0
DA:382,1
DA:384,1
DA:385,1
DA:386,1
DA:388,1
DA:389,1
DA:390,1
DA:391,1
DA:392,1
DA:393,1
DA:394,0
DA:396,1
DA:398,1
DA:399,1
DA:400,1
DA:401,1
DA:402,1
DA:404,1
DA:405,1
DA:406,1
DA:407,1
DA:408,1
DA:409,1
DA:413,1
DA:414,1
DA:415,1
DA:416,1
DA:417,1
DA:418,1
DA:419,1
DA:420,1
DA:422,1
DA:424,1
DA:425,1
DA:426,1
DA:427,1
DA:428,0
DA:429,0
DA:430,0
DA:431,1
DA:433,1
DA:434,1
DA:435,1
DA:436,1
DA:437,1
DA:438,1
DA:439,1
DA:440,1
DA:442,0
DA:443,0
DA:444,0
DA:445,0
DA:446,0
DA:447,0
DA:448,0
DA:449,0
DA:450,0
DA:452,0
DA:453,0
DA:454,0
DA:455,0
DA:456,0
DA:457,0
DA:458,0
DA:459,0
DA:460,0
BRF:0
BRH:0
LF:268
LH:157
end_of_record
SF:/Users/rt/workspace/synod/src/adapters/session_store.rs
FN:28,_RNvMNtNtCs3oCotP8OZr6_5synod8adapters13session_storeNtB2_16FileSessionStore4path
FN:46,_RNvXs_NtNtCs3oCotP8OZr6_5synod8adapters13session_storeNtB4_16FileSessionStoreNtB4_12SessionStore4load
FN:34,_RNvXs_NtNtCs3oCotP8OZr6_5synod8adapters13session_storeNtB4_16FileSessionStoreNtB4_12SessionStore7persist
FN:58,_RNvXs_NtNtCs3oCotP8OZr6_5synod8adapters13session_storeNtB4_16FileSessionStoreNtB4_12SessionStore5clear
FN:24,_RINvMNtNtCs3oCotP8OZr6_5synod8adapters13session_storeNtB3_16FileSessionStore13for_workspaceRNtNtCsg55jX0GwzBC_3std4path4PathEB7_
FN:24,_RINvMNtNtCs3oCotP8OZr6_5synod8adapters13session_storeNtB3_16FileSessionStore13for_workspaceRNtNtCsg55jX0GwzBC_3std4path7PathBufEB7_
FN:20,_RINvMNtNtCs3oCotP8OZr6_5synod8adapters13session_storeNtB3_16FileSessionStore3newNtNtCsg55jX0GwzBC_3std4path7PathBufEB7_
FN:54,_RNCNvXs_NtNtCs3oCotP8OZr6_5synod8adapters13session_storeNtB6_16FileSessionStoreNtB6_12SessionStore4load0Ba_
FN:35,_RNCNvXs_NtNtCs3oCotP8OZr6_5synod8adapters13session_storeNtB6_16FileSessionStoreNtB6_12SessionStore7persist0Ba_
FNDA:1,_RNvMNtNtCs3oCotP8OZr6_5synod8adapters13session_storeNtB2_16FileSessionStore4path
FNDA:43,_RNvXs_NtNtCs3oCotP8OZr6_5synod8adapters13session_storeNtB4_16FileSessionStoreNtB4_12SessionStore4load
FNDA:27,_RNvXs_NtNtCs3oCotP8OZr6_5synod8adapters13session_storeNtB4_16FileSessionStoreNtB4_12SessionStore7persist
FNDA:0,_RNvXs_NtNtCs3oCotP8OZr6_5synod8adapters13session_storeNtB4_16FileSessionStoreNtB4_12SessionStore5clear
FNDA:34,_RINvMNtNtCs3oCotP8OZr6_5synod8adapters13session_storeNtB3_16FileSessionStore13for_workspaceRNtNtCsg55jX0GwzBC_3std4path4PathEB7_
FNDA:56,_RINvMNtNtCs3oCotP8OZr6_5synod8adapters13session_storeNtB3_16FileSessionStore13for_workspaceRNtNtCsg55jX0GwzBC_3std4path7PathBufEB7_
FNDA:90,_RINvMNtNtCs3oCotP8OZr6_5synod8adapters13session_storeNtB3_16FileSessionStore3newNtNtCsg55jX0GwzBC_3std4path7PathBufEB7_
FNDA:1,_RNCNvXs_NtNtCs3oCotP8OZr6_5synod8adapters13session_storeNtB6_16FileSessionStoreNtB6_12SessionStore4load0Ba_
FNDA:0,_RNCNvXs_NtNtCs3oCotP8OZr6_5synod8adapters13session_storeNtB6_16FileSessionStoreNtB6_12SessionStore7persist0Ba_
FNF:8
FNH:6
DA:20,90
DA:21,90
DA:22,90
DA:24,90
DA:25,90
DA:26,90
DA:28,1
DA:29,1
DA:30,1
DA:34,27
DA:35,27
DA:37,27
DA:38,27
DA:39,0
DA:41,27
DA:42,27
DA:43,27
DA:44,27
DA:46,43
DA:47,43
DA:48,9
DA:49,34
DA:51,34
DA:52,34
DA:53,34
DA:54,34
DA:55,33
DA:56,43
DA:58,0
DA:59,0
DA:60,0
DA:61,0
DA:63,0
DA:64,0
BRF:0
BRH:0
LF:36
LH:28
end_of_record
SF:/Users/rt/workspace/synod/src/adapters/tool.rs
FN:22,_RNvMNtNtCs3oCotP8OZr6_5synod8adapters4toolINtB2_13FnToolAdapterNCNvMNtNtB6_12orchestrator15session_runtimeNtB14_14SessionRuntime25native_adapter_registriess2_0E3newB6_
FN:22,_RNvMNtNtCs3oCotP8OZr6_5synod8adapters4toolINtB2_13FnToolAdapterNCNvNtB6_7fixture30build_fixture_runtime_for_flows3_0E3newB6_
FN:22,_RNvMNtNtCs3oCotP8OZr6_5synod8adapters4toolINtB2_13FnToolAdapterNCNvNtB6_7fixture30build_fixture_runtime_for_flows4_0E3newB6_
FN:22,_RNvMNtNtCs3oCotP8OZr6_5synod8adapters4toolINtB2_13FnToolAdapterNCNvNtB6_7fixture30build_fixture_runtime_for_flows5_0E3newB6_
FN:22,_RNvMNtNtCs3oCotP8OZr6_5synod8adapters4toolINtB2_13FnToolAdapterNCNvNtNtNtB6_12orchestrator6engine5testss_59execute_step_dispatches_registered_agent_and_tool_endpointss_0E3newB6_
FN:22,_RNvMNtNtCs3oCotP8OZr6_5synod8adapters4toolINtB2_13FnToolAdapterNvNtNtB6_12orchestrator15session_runtime18native_replan_stepE3newB6_
FN:31,_RNvXs_NtNtCs3oCotP8OZr6_5synod8adapters4toolINtB4_13FnToolAdapterNCNvMNtNtB8_12orchestrator15session_runtimeNtB16_14SessionRuntime25native_adapter_registriess2_0ENtB4_11ToolAdapter7executeB8_
FN:31,_RNvXs_NtNtCs3oCotP8OZr6_5synod8adapters4toolINtB4_13FnToolAdapterNCNvNtB8_7fixture30build_fixture_runtime_for_flows3_0ENtB4_11ToolAdapter7executeB8_
FN:31,_RNvXs_NtNtCs3oCotP8OZr6_5synod8adapters4toolINtB4_13FnToolAdapterNCNvNtB8_7fixture30build_fixture_runtime_for_flows4_0ENtB4_11ToolAdapter7executeB8_
FN:31,_RNvXs_NtNtCs3oCotP8OZr6_5synod8adapters4toolINtB4_13FnToolAdapterNCNvNtB8_7fixture30build_fixture_runtime_for_flows5_0ENtB4_11ToolAdapter7executeB8_
FN:31,_RNvXs_NtNtCs3oCotP8OZr6_5synod8adapters4toolINtB4_13FnToolAdapterNCNvNtNtNtB8_12orchestrator6engine5testss_59execute_step_dispatches_registered_agent_and_tool_endpointss_0ENtB4_11ToolAdapter7executeB8_
FN:31,_RNvXs_NtNtCs3oCotP8OZr6_5synod8adapters4toolINtB4_13FnToolAdapterNvNtNtB8_12orchestrator15session_runtime18native_replan_stepENtB4_11ToolAdapter7executeB8_
FNDA:4,_RNvMNtNtCs3oCotP8OZr6_5synod8adapters4toolINtB2_13FnToolAdapterNCNvMNtNtB6_12orchestrator15session_runtimeNtB14_14SessionRuntime25native_adapter_registriess2_0E3newB6_
FNDA:28,_RNvMNtNtCs3oCotP8OZr6_5synod8adapters4toolINtB2_13FnToolAdapterNCNvNtB6_7fixture30build_fixture_runtime_for_flows3_0E3newB6_
FNDA:28,_RNvMNtNtCs3oCotP8OZr6_5synod8adapters4toolINtB2_13FnToolAdapterNCNvNtB6_7fixture30build_fixture_runtime_for_flows4_0E3newB6_
FNDA:28,_RNvMNtNtCs3oCotP8OZr6_5synod8adapters4toolINtB2_13FnToolAdapterNCNvNtB6_7fixture30build_fixture_runtime_for_flows5_0E3newB6_
FNDA:1,_RNvMNtNtCs3oCotP8OZr6_5synod8adapters4toolINtB2_13FnToolAdapterNCNvNtNtNtB6_12orchestrator6engine5testss_59execute_step_dispatches_registered_agent_and_tool_endpointss_0E3newB6_
FNDA:4,_RNvMNtNtCs3oCotP8OZr6_5synod8adapters4toolINtB2_13FnToolAdapterNvNtNtB6_12orchestrator15session_runtime18native_replan_stepE3newB6_
FNDA:4,_RNvXs_NtNtCs3oCotP8OZr6_5synod8adapters4toolINtB4_13FnToolAdapterNCNvMNtNtB8_12orchestrator15session_runtimeNtB16_14SessionRuntime25native_adapter_registriess2_0ENtB4_11ToolAdapter7executeB8_
FNDA:4,_RNvXs_NtNtCs3oCotP8OZr6_5synod8adapters4toolINtB4_13FnToolAdapterNCNvNtB8_7fixture30build_fixture_runtime_for_flows3_0ENtB4_11ToolAdapter7executeB8_
FNDA:1,_RNvXs_NtNtCs3oCotP8OZr6_5synod8adapters4toolINtB4_13FnToolAdapterNCNvNtB8_7fixture30build_fixture_runtime_for_flows4_0ENtB4_11ToolAdapter7executeB8_
FNDA:1,_RNvXs_NtNtCs3oCotP8OZr6_5synod8adapters4toolINtB4_13FnToolAdapterNCNvNtB8_7fixture30build_fixture_runtime_for_flows5_0ENtB4_11ToolAdapter7executeB8_
FNDA:1,_RNvXs_NtNtCs3oCotP8OZr6_5synod8adapters4toolINtB4_13FnToolAdapterNCNvNtNtNtB8_12orchestrator6engine5testss_59execute_step_dispatches_registered_agent_and_tool_endpointss_0ENtB4_11ToolAdapter7executeB8_
FNDA:0,_RNvXs_NtNtCs3oCotP8OZr6_5synod8adapters4toolINtB4_13FnToolAdapterNvNtNtB8_12orchestrator15session_runtime18native_replan_stepENtB4_11ToolAdapter7executeB8_
FNF:2
FNH:2
DA:22,93
DA:23,93
DA:24,93
DA:31,11
DA:32,11
DA:33,11
BRF:0
BRH:0
LF:6
LH:6
end_of_record
SF:/Users/rt/workspace/synod/src/adapters/trace_store.rs
FN:28,_RNvMNtNtCs3oCotP8OZr6_5synod8adapters11trace_storeNtB2_14FileTraceStore4root
FN:42,_RNvXs_NtNtCs3oCotP8OZr6_5synod8adapters11trace_storeNtB4_14FileTraceStoreNtB4_10TraceStore4load
FN:47,_RNvXs_NtNtCs3oCotP8OZr6_5synod8adapters11trace_storeNtB4_14FileTraceStoreNtB4_10TraceStore6latest
FN:34,_RNvXs_NtNtCs3oCotP8OZr6_5synod8adapters11trace_storeNtB4_14FileTraceStoreNtB4_10TraceStore7persist
FN:118,_RNvNtNtNtCs3oCotP8OZr6_5synod8adapters11trace_store5tests11build_trace
FN:112,_RNvNtNtNtCs3oCotP8OZr6_5synod8adapters11trace_store5tests14temp_workspace
FN:131,_RNvNtNtNtCs3oCotP8OZr6_5synod8adapters11trace_store5testss_34load_round_trips_a_persisted_trace
FN:146,_RNvNtNtNtCs3oCotP8OZr6_5synod8adapters11trace_store5testss_41latest_returns_the_most_recent_trace_path
FN:160,_RNvNtNtNtCs3oCotP8OZr6_5synod8adapters11trace_store5testss_55latest_returns_none_when_the_trace_directory_is_missing
FN:24,_RINvMNtNtCs3oCotP8OZr6_5synod8adapters11trace_storeNtB3_14FileTraceStore13for_workspaceRNtNtCsg55jX0GwzBC_3std4path4PathEB7_
FN:24,_RINvMNtNtCs3oCotP8OZr6_5synod8adapters11trace_storeNtB3_14FileTraceStore13for_workspaceRNtNtCsg55jX0GwzBC_3std4path7PathBufEB7_
FN:20,_RINvMNtNtCs3oCotP8OZr6_5synod8adapters11trace_storeNtB3_14FileTraceStore3newNtNtCsg55jX0GwzBC_3std4path7PathBufEB7_
FN:20,_RINvMNtNtCs3oCotP8OZr6_5synod8adapters11trace_storeNtB3_14FileTraceStore3newRNtNtCsg55jX0GwzBC_3std4path4PathEB7_
FN:58,_RNCNvXs_NtNtCs3oCotP8OZr6_5synod8adapters11trace_storeNtB6_14FileTraceStoreNtB6_10TraceStore6latest0Ba_
FN:65,_RNCNvXs_NtNtCs3oCotP8OZr6_5synod8adapters11trace_storeNtB6_14FileTraceStoreNtB6_10TraceStore6latests_0Ba_
FNDA:6,_RNvMNtNtCs3oCotP8OZr6_5synod8adapters11trace_storeNtB2_14FileTraceStore4root
FNDA:40,_RNvXs_NtNtCs3oCotP8OZr6_5synod8adapters11trace_storeNtB4_14FileTraceStoreNtB4_10TraceStore4load
FNDA:13,_RNvXs_NtNtCs3oCotP8OZr6_5synod8adapters11trace_storeNtB4_14FileTraceStoreNtB4_10TraceStore6latest
FNDA:145,_RNvXs_NtNtCs3oCotP8OZr6_5synod8adapters11trace_storeNtB4_14FileTraceStoreNtB4_10TraceStore7persist
FNDA:3,_RNvNtNtNtCs3oCotP8OZr6_5synod8adapters11trace_store5tests11build_trace
FNDA:3,_RNvNtNtNtCs3oCotP8OZr6_5synod8adapters11trace_store5tests14temp_workspace
FNDA:1,_RNvNtNtNtCs3oCotP8OZr6_5synod8adapters11trace_store5testss_34load_round_trips_a_persisted_trace
FNDA:1,_RNvNtNtNtCs3oCotP8OZr6_5synod8adapters11trace_store5testss_41latest_returns_the_most_recent_trace_path
FNDA:1,_RNvNtNtNtCs3oCotP8OZr6_5synod8adapters11trace_store5testss_55latest_returns_none_when_the_trace_directory_is_missing
FNDA:98,_RINvMNtNtCs3oCotP8OZr6_5synod8adapters11trace_storeNtB3_14FileTraceStore13for_workspaceRNtNtCsg55jX0GwzBC_3std4path4PathEB7_
FNDA:54,_RINvMNtNtCs3oCotP8OZr6_5synod8adapters11trace_storeNtB3_14FileTraceStore13for_workspaceRNtNtCsg55jX0GwzBC_3std4path7PathBufEB7_
FNDA:153,_RINvMNtNtCs3oCotP8OZr6_5synod8adapters11trace_storeNtB3_14FileTraceStore3newNtNtCsg55jX0GwzBC_3std4path7PathBufEB7_
FNDA:2,_RINvMNtNtCs3oCotP8OZr6_5synod8adapters11trace_storeNtB3_14FileTraceStore3newRNtNtCsg55jX0GwzBC_3std4path4PathEB7_
FNDA:11,_RNCNvXs_NtNtCs3oCotP8OZr6_5synod8adapters11trace_storeNtB6_14FileTraceStoreNtB6_10TraceStore6latest0Ba_
FNDA:11,_RNCNvXs_NtNtCs3oCotP8OZr6_5synod8adapters11trace_storeNtB6_14FileTraceStoreNtB6_10TraceStore6latests_0Ba_
FNF:13
FNH:13
DA:20,155
DA:21,155
DA:22,155
DA:24,152
DA:25,152
DA:26,152
DA:28,6
DA:29,6
DA:30,6
DA:34,145
DA:35,145
DA:36,145
DA:37,145
DA:38,145
DA:39,145
DA:40,145
DA:42,40
DA:43,40
DA:44,40
DA:45,40
DA:47,13
DA:48,13
DA:49,4
DA:50,9
DA:52,9
DA:53,11
DA:54,11
DA:55,11
DA:57,11
DA:58,11
DA:60,0
DA:61,11
DA:63,11
DA:64,11
DA:65,11
DA:67,11
DA:68,2
DA:69,2
DA:71,9
DA:74,11
DA:75,11
DA:76,11
DA:79,9
DA:80,13
DA:112,3
DA:113,3
DA:114,3
DA:115,3
DA:116,3
DA:118,3
DA:119,3
DA:120,3
DA:121,3
DA:122,3
DA:123,3
DA:124,3
DA:126,3
DA:127,3
DA:128,3
DA:131,1
DA:132,1
DA:133,1
DA:134,1
DA:136,1
DA:137,1
DA:139,1
DA:140,1
DA:141,1
DA:142,1
DA:143,1
DA:146,1
DA:147,1
DA:148,1
DA:149,1
DA:150,1
DA:152,1
DA:153,1
DA:155,1
DA:156,1
DA:157,1
DA:160,1
DA:161,1
DA:162,1
DA:163,1
DA:165,1
DA:167,1
DA:168,1
BRF:0
BRH:0
LF:89
LH:88
end_of_record
SF:/Users/rt/workspace/synod/src/cli.rs
FN:346,_RNCNvMs1_NtCs3oCotP8OZr6_5synod3cliNtB7_23DeveloperCommandSession12from_command0B9_
FN:381,_RNCNvMs1_NtCs3oCotP8OZr6_5synod3cliNtB7_23DeveloperCommandSession12from_commands0_0B9_
FN:394,_RNCNvMs1_NtCs3oCotP8OZr6_5synod3cliNtB7_23DeveloperCommandSession12from_commands1_0B9_
FN:407,_RNCNvMs1_NtCs3oCotP8OZr6_5synod3cliNtB7_23DeveloperCommandSession12from_commands2_0B9_
FN:432,_RNCNvMs1_NtCs3oCotP8OZr6_5synod3cliNtB7_23DeveloperCommandSession12from_commands3_0B9_
FN:448,_RNCNvMs1_NtCs3oCotP8OZr6_5synod3cliNtB7_23DeveloperCommandSession12from_commands4_0B9_
FN:469,_RNCNvMs1_NtCs3oCotP8OZr6_5synod3cliNtB7_23DeveloperCommandSession12from_commands5_0B9_
FN:471,_RNCNvMs1_NtCs3oCotP8OZr6_5synod3cliNtB7_23DeveloperCommandSession12from_commands6_0B9_
FN:482,_RNCNvMs1_NtCs3oCotP8OZr6_5synod3cliNtB7_23DeveloperCommandSession12from_commands7_0B9_
FN:495,_RNCNvMs1_NtCs3oCotP8OZr6_5synod3cliNtB7_23DeveloperCommandSession12from_commands8_0B9_
FN:521,_RNCNvMs1_NtCs3oCotP8OZr6_5synod3cliNtB7_23DeveloperCommandSession12from_commands9_0B9_
FN:368,_RNCNvMs1_NtCs3oCotP8OZr6_5synod3cliNtB7_23DeveloperCommandSession12from_commands_0B9_
FN:329,_RNvMs1_NtCs3oCotP8OZr6_5synod3cliNtB5_23DeveloperCommandSession12from_command
FN:609,_RNvMs1_NtCs3oCotP8OZr6_5synod3cliNtB5_23DeveloperCommandSession8complete
FN:549,_RNvMs1_NtCs3oCotP8OZr6_5synod3cliNtB5_23DeveloperCommandSession8validate
FN:639,_RNvNtCs3oCotP8OZr6_5synod3cli7execute
FN:47,_RNvMNtCs3oCotP8OZr6_5synod3cliNtB2_11CommandName6as_str
FN:296,_RNvMs0_NtCs3oCotP8OZr6_5synod3cliNtB5_16DeveloperCommand4name
FN:658,_RNvNtCs3oCotP8OZr6_5synod3cli8dispatch
FN:68,_RNvXs_NtCs3oCotP8OZr6_5synod3cliNtB4_11CommandNameNtNtCsl8K0bEFm1U0_4core3fmt7Display3fmt
FN:1117,_RNvNtNtCs3oCotP8OZr6_5synod3cli5tests14temp_workspace
FN:1123,_RNvNtNtCs3oCotP8OZr6_5synod3cli5tests25write_execution_workspace
FN:1162,_RNvNtNtCs3oCotP8OZr6_5synod3cli5testss_35dispatch_covers_session_error_paths
FN:1207,_RNvNtNtCs3oCotP8OZr6_5synod3cli5testss_67dispatch_covers_successful_custom_run_session_run_and_inspect_paths
FNDA:0,_RNCNvMs1_NtCs3oCotP8OZr6_5synod3cliNtB7_23DeveloperCommandSession12from_command0B9_
FNDA:0,_RNCNvMs1_NtCs3oCotP8OZr6_5synod3cliNtB7_23DeveloperCommandSession12from_commands0_0B9_
FNDA:0,_RNCNvMs1_NtCs3oCotP8OZr6_5synod3cliNtB7_23DeveloperCommandSession12from_commands1_0B9_
FNDA:0,_RNCNvMs1_NtCs3oCotP8OZr6_5synod3cliNtB7_23DeveloperCommandSession12from_commands2_0B9_
FNDA:0,_RNCNvMs1_NtCs3oCotP8OZr6_5synod3cliNtB7_23DeveloperCommandSession12from_commands3_0B9_
FNDA:0,_RNCNvMs1_NtCs3oCotP8OZr6_5synod3cliNtB7_23DeveloperCommandSession12from_commands4_0B9_
FNDA:0,_RNCNvMs1_NtCs3oCotP8OZr6_5synod3cliNtB7_23DeveloperCommandSession12from_commands5_0B9_
FNDA:0,_RNCNvMs1_NtCs3oCotP8OZr6_5synod3cliNtB7_23DeveloperCommandSession12from_commands6_0B9_
FNDA:0,_RNCNvMs1_NtCs3oCotP8OZr6_5synod3cliNtB7_23DeveloperCommandSession12from_commands7_0B9_
FNDA:0,_RNCNvMs1_NtCs3oCotP8OZr6_5synod3cliNtB7_23DeveloperCommandSession12from_commands8_0B9_
FNDA:0,_RNCNvMs1_NtCs3oCotP8OZr6_5synod3cliNtB7_23DeveloperCommandSession12from_commands9_0B9_
FNDA:0,_RNCNvMs1_NtCs3oCotP8OZr6_5synod3cliNtB7_23DeveloperCommandSession12from_commands_0B9_
FNDA:0,_RNvMs1_NtCs3oCotP8OZr6_5synod3cliNtB5_23DeveloperCommandSession12from_command
FNDA:0,_RNvMs1_NtCs3oCotP8OZr6_5synod3cliNtB5_23DeveloperCommandSession8complete
FNDA:0,_RNvMs1_NtCs3oCotP8OZr6_5synod3cliNtB5_23DeveloperCommandSession8validate
FNDA:0,_RNvNtCs3oCotP8OZr6_5synod3cli7execute
FNDA:6,_RNvMNtCs3oCotP8OZr6_5synod3cliNtB2_11CommandName6as_str
FNDA:6,_RNvMs0_NtCs3oCotP8OZr6_5synod3cliNtB5_16DeveloperCommand4name
FNDA:16,_RNvNtCs3oCotP8OZr6_5synod3cli8dispatch
FNDA:0,_RNvXs_NtCs3oCotP8OZr6_5synod3cliNtB4_11CommandNameNtNtCsl8K0bEFm1U0_4core3fmt7Display3fmt
FNDA:4,_RNvNtNtCs3oCotP8OZr6_5synod3cli5tests14temp_workspace
FNDA:2,_RNvNtNtCs3oCotP8OZr6_5synod3cli5tests25write_execution_workspace
FNDA:1,_RNvNtNtCs3oCotP8OZr6_5synod3cli5testss_35dispatch_covers_session_error_paths
FNDA:1,_RNvNtNtCs3oCotP8OZr6_5synod3cli5testss_67dispatch_covers_successful_custom_run_session_run_and_inspect_paths
FNF:24
FNH:7
DA:47,6
DA:48,6
DA:49,0
DA:50,0
DA:51,0
DA:52,0
DA:53,0
DA:54,1
DA:55,1
DA:56,1
DA:57,1
DA:58,1
DA:59,1
DA:60,0
DA:61,0
DA:62,0
DA:64,6
DA:68,0
DA:69,0
DA:70,0
DA:296,6
DA:297,6
DA:298,0
DA:299,0
DA:300,1
DA:301,1
DA:302,1
DA:303,1
DA:304,0
DA:305,0
DA:306,0
DA:307,1
DA:308,1
DA:309,0
DA:310,0
DA:311,0
DA:313,6
DA:329,0
DA:330,0
DA:331,0
DA:332,0
DA:333,0
DA:334,0
DA:335,0
DA:336,0
DA:337,0
DA:338,0
DA:339,0
DA:340,0
DA:341,0
DA:342,0
DA:343,0
DA:344,0
DA:345,0
DA:346,0
DA:347,0
DA:348,0
DA:349,0
DA:350,0
DA:351,0
DA:352,0
DA:355,0
DA:356,0
DA:357,0
DA:364,0
DA:365,0
DA:366,0
DA:367,0
DA:368,0
DA:369,0
DA:370,0
DA:371,0
DA:372,0
DA:373,0
DA:374,0
DA:376,0
DA:377,0
DA:378,0
DA:379,0
DA:380,0
DA:381,0
DA:382,0
DA:383,0
DA:384,0
DA:385,0
DA:386,0
DA:387,0
DA:389,0
DA:390,0
DA:391,0
DA:392,0
DA:393,0
DA:394,0
DA:395,0
DA:396,0
DA:397,0
DA:398,0
DA:399,0
DA:400,0
DA:402,0
DA:403,0
DA:404,0
DA:405,0
DA:406,0
DA:407,0
DA:408,0
DA:409,0
DA:410,0
DA:411,0
DA:412,0
DA:413,0
DA:416,0
DA:417,0
DA:418,0
DA:419,0
DA:420,0
DA:426,0
DA:427,0
DA:428,0
DA:430,0
DA:432,0
DA:433,0
DA:434,0
DA:435,0
DA:436,0
DA:437,0
DA:438,0
DA:440,0
DA:441,0
DA:442,0
DA:443,0
DA:444,0
DA:445,0
DA:446,0
DA:447,0
DA:448,0
DA:451,0
DA:452,0
DA:453,0
DA:456,0
DA:458,0
DA:459,0
DA:460,0
DA:461,0
DA:462,0
DA:464,0
DA:465,0
DA:466,0
DA:467,0
DA:468,0
DA:469,0
DA:470,0
DA:471,0
DA:472,0
DA:473,0
DA:474,0
DA:475,0
DA:477,0
DA:478,0
DA:479,0
DA:480,0
DA:481,0
DA:482,0
DA:483,0
DA:484,0
DA:485,0
DA:486,0
DA:487,0
DA:488,0
DA:490,0
DA:491,0
DA:492,0
DA:493,0
DA:494,0
DA:495,0
DA:496,0
DA:497,0
DA:498,0
DA:499,0
DA:500,0
DA:501,0
DA:503,0
DA:504,0
DA:505,0
DA:506,0
DA:507,0
DA:508,0
DA:509,0
DA:510,0
DA:511,0
DA:512,0
DA:513,0
DA:514,0
DA:515,0
DA:516,0
DA:517,0
DA:518,0
DA:519,0
DA:520,0
DA:521,0
DA:523,0
DA:524,0
DA:525,0
DA:526,0
DA:527,0
DA:528,0
DA:530,0
DA:531,0
DA:532,0
DA:533,0
DA:534,0
DA:535,0
DA:536,0
DA:539,0
DA:540,0
DA:541,0
DA:542,0
DA:543,0
DA:544,0
DA:547,0
DA:549,0
DA:550,0
DA:552,0
DA:553,0
DA:554,0
DA:555,0
DA:558,0
DA:559,0
DA:560,0
DA:561,0
DA:562,0
DA:563,0
DA:566,0
DA:567,0
DA:568,0
DA:569,0
DA:570,0
DA:571,0
DA:583,0
DA:586,0
DA:587,0
DA:588,0
DA:590,0
DA:591,0
DA:593,0
DA:594,0
DA:595,0
DA:597,0
DA:598,0
DA:600,0
DA:601,0
DA:603,0
DA:604,0
DA:606,0
DA:607,0
DA:609,0
DA:610,0
DA:611,0
DA:612,0
DA:613,0
DA:614,0
DA:615,0
DA:616,0
DA:617,0
DA:618,0
DA:639,0
DA:640,0
DA:641,0
DA:643,0
DA:644,0
DA:645,0
DA:646,0
DA:647,0
DA:650,0
DA:651,0
DA:652,0
DA:653,0
DA:656,0
DA:658,16
DA:659,16
DA:660,0
DA:661,0
DA:663,0
DA:664,0
DA:666,0
DA:668,0
DA:669,0
DA:673,3
DA:674,3
DA:675,3
DA:676,3
DA:677,3
DA:678,3
DA:679,3
DA:680,3
DA:681,3
DA:683,3
DA:684,3
DA:685,1
DA:686,1
DA:687,1
DA:688,1
DA:689,1
DA:690,3
DA:691,2
DA:692,0
DA:693,0
DA:694,0
DA:695,0
DA:696,0
DA:697,0
DA:698,0
DA:700,2
DA:701,0
DA:703,2
DA:705,2
DA:706,1
DA:707,1
DA:708,1
DA:709,1
DA:710,1
DA:711,1
DA:713,1
DA:714,0
DA:715,0
DA:716,0
DA:717,0
DA:718,0
DA:719,0
DA:720,0
DA:721,0
DA:724,1
DA:725,1
DA:726,1
DA:727,1
DA:728,1
DA:729,1
DA:730,1
DA:731,1
DA:735,1
DA:736,1
DA:737,1
DA:738,1
DA:739,1
DA:740,1
DA:741,0
DA:742,0
DA:743,0
DA:744,0
DA:745,0
DA:748,1
DA:749,1
DA:750,1
DA:751,1
DA:752,1
DA:753,1
DA:754,0
DA:755,0
DA:756,0
DA:757,0
DA:758,0
DA:762,0
DA:763,0
DA:764,0
DA:765,0
DA:766,0
DA:767,0
DA:768,0
DA:769,0
DA:770,0
DA:771,0
DA:772,0
DA:773,0
DA:774,0
DA:777,0
DA:778,0
DA:779,0
DA:780,0
DA:781,0
DA:782,0
DA:783,0
DA:784,0
DA:785,0
DA:786,0
DA:787,0
DA:788,0
DA:791,0
DA:792,0
DA:793,0
DA:794,0
DA:795,0
DA:796,0
DA:797,0
DA:798,0
DA:799,0
DA:800,0
DA:801,0
DA:802,0
DA:805,0
DA:806,0
DA:807,0
DA:808,0
DA:809,0
DA:810,0
DA:811,0
DA:812,0
DA:813,0
DA:814,0
DA:815,0
DA:816,0
DA:819,0
DA:820,0
DA:821,0
DA:822,0
DA:823,0
DA:824,0
DA:825,0
DA:826,0
DA:827,0
DA:828,0
DA:829,0
DA:830,0
DA:834,2
DA:835,2
DA:836,2
DA:837,2
DA:838,2
DA:839,1
DA:840,1
DA:841,1
DA:842,1
DA:843,1
DA:844,1
DA:845,1
DA:847,0
DA:849,1
DA:851,1
DA:852,1
DA:853,1
DA:854,1
DA:856,1
DA:860,1
DA:861,1
DA:862,1
DA:863,1
DA:864,1
DA:865,1
DA:866,1
DA:867,0
DA:868,0
DA:869,0
DA:870,0
DA:871,0
DA:875,2
DA:876,2
DA:877,2
DA:878,2
DA:879,2
DA:880,2
DA:881,2
DA:882,2
DA:884,2
DA:885,2
DA:886,2
DA:887,2
DA:888,2
DA:889,2
DA:890,2
DA:891,2
DA:892,2
DA:893,2
DA:894,1
DA:895,1
DA:896,1
DA:897,1
DA:898,1
DA:899,1
DA:900,1
DA:901,1
DA:902,1
DA:903,1
DA:906,1
DA:907,1
DA:909,0
DA:910,0
DA:911,0
DA:912,0
DA:913,0
DA:914,1
DA:915,1
DA:916,1
DA:917,1
DA:918,1
DA:921,2
DA:922,2
DA:923,2
DA:924,2
DA:925,2
DA:926,2
DA:927,2
DA:928,1
DA:929,1
DA:930,1
DA:931,1
DA:932,1
DA:933,1
DA:934,1
DA:935,1
DA:936,1
DA:937,1
DA:940,1
DA:941,1
DA:942,0
DA:943,0
DA:944,0
DA:945,0
DA:946,0
DA:947,1
DA:948,1
DA:949,1
DA:950,1
DA:951,1
DA:954,2
DA:955,2
DA:956,1
DA:957,1
DA:958,1
DA:959,1
DA:960,1
DA:961,1
DA:962,1
DA:963,1
DA:964,1
DA:965,1
DA:968,2
DA:969,2
DA:970,1
DA:971,1
DA:972,1
DA:973,1
DA:974,1
DA:975,1
DA:976,1
DA:977,1
DA:978,1
DA:979,1
DA:982,0
DA:983,0
DA:984,0
DA:985,0
DA:986,0
DA:987,0
DA:988,0
DA:989,0
DA:990,0
DA:991,0
DA:992,0
DA:993,0
DA:996,0
DA:997,0
DA:998,0
DA:999,0
DA:1002,0
DA:1003,0
DA:1004,0
DA:1005,0
DA:1006,0
DA:1007,0
DA:1008,0
DA:1009,0
DA:1010,0
DA:1011,0
DA:1012,0
DA:1013,0
DA:1014,0
DA:1015,0
DA:1016,0
DA:1017,0
DA:1018,0
DA:1019,0
DA:1021,0
DA:1022,0
DA:1023,0
DA:1024,0
DA:1025,0
DA:1026,0
DA:1027,0
DA:1028,0
DA:1029,0
DA:1030,0
DA:1031,0
DA:1032,0
DA:1033,0
DA:1037,0
DA:1038,0
DA:1039,0
DA:1040,0
DA:1041,0
DA:1042,0
DA:1043,0
DA:1044,0
DA:1045,0
DA:1046,0
DA:1047,0
DA:1050,0
DA:1051,0
DA:1052,0
DA:1053,0
DA:1054,0
DA:1055,0
DA:1056,0
DA:1057,0
DA:1058,0
DA:1059,0
DA:1060,0
DA:1061,0
DA:1062,0
DA:1065,0
DA:1066,0
DA:1067,0
DA:1068,0
DA:1069,0
DA:1070,0
DA:1071,0
DA:1072,0
DA:1073,0
DA:1074,0
DA:1075,0
DA:1077,0
DA:1078,0
DA:1079,0
DA:1080,0
DA:1081,0
DA:1082,0
DA:1083,0
DA:1084,0
DA:1085,0
DA:1086,0
DA:1087,0
DA:1091,16
DA:1117,4
DA:1118,4
DA:1119,4
DA:1120,4
DA:1121,4
DA:1123,2
DA:1124,2
DA:1125,2
DA:1126,2
DA:1127,2
DA:1128,2
DA:1129,2
DA:1130,2
DA:1131,2
DA:1132,2
DA:1133,2
DA:1134,2
DA:1135,2
DA:1136,2
DA:1137,2
DA:1138,2
DA:1139,2
DA:1140,2
DA:1141,2
DA:1142,2
DA:1143,2
DA:1144,2
DA:1145,2
DA:1146,2
DA:1147,2
DA:1148,2
DA:1149,2
DA:1150,2
DA:1151,2
DA:1152,2
DA:1153,2
DA:1154,2
DA:1155,2
DA:1157,2
DA:1158,2
DA:1159,2
DA:1162,1
DA:1163,1
DA:1164,1
DA:1165,1
DA:1166,1
DA:1167,1
DA:1168,1
DA:1169,1
DA:1170,1
DA:1171,1
DA:1172,1
DA:1173,1
DA:1174,1
DA:1175,1
DA:1176,1
DA:1177,1
DA:1178,1
DA:1179,1
DA:1180,1
DA:1181,1
DA:1182,1
DA:1183,1
DA:1184,1
DA:1185,1
DA:1186,1
DA:1187,1
DA:1188,1
DA:1189,1
DA:1191,6
DA:1192,6
DA:1193,6
DA:1194,6
DA:1197,1
DA:1198,1
DA:1199,1
DA:1200,1
DA:1201,1
DA:1202,1
DA:1203,1
DA:1204,1
DA:1207,1
DA:1208,1
DA:1209,1
DA:1211,1
DA:1212,1
DA:1213,1
DA:1214,1
DA:1215,1
DA:1216,1
DA:1217,1
DA:1218,1
DA:1219,1
DA:1220,1
DA:1221,1
DA:1222,1
DA:1223,1
DA:1224,1
DA:1226,1
DA:1227,1
DA:1228,1
DA:1229,1
DA:1230,1
DA:1232,1
DA:1233,1
DA:1234,1
DA:1235,1
DA:1236,1
DA:1237,1
DA:1238,1
DA:1239,1
DA:1240,1
DA:1241,1
DA:1242,1
DA:1244,1
DA:1245,1
DA:1246,1
DA:1247,1
DA:1248,1
DA:1249,1
DA:1250,1
DA:1251,1
DA:1253,1
DA:1254,1
DA:1255,1
DA:1256,1
DA:1257,1
DA:1258,1
DA:1259,1
DA:1260,1
DA:1261,1
DA:1262,1
DA:1263,1
DA:1264,1
DA:1265,1
DA:1267,1
DA:1268,1
DA:1269,1
DA:1270,1
DA:1271,1
DA:1273,1
DA:1274,1
DA:1275,1
DA:1276,1
DA:1277,1
DA:1279,1
DA:1280,1
DA:1281,1
DA:1282,1
DA:1283,1
DA:1284,1
DA:1285,1
DA:1287,1
DA:1288,1
DA:1289,1
DA:1290,1
DA:1291,1
DA:1292,1
DA:1293,1
DA:1294,1
DA:1295,1
DA:1296,1
DA:1297,1
DA:1298,1
DA:1299,1
DA:1300,1
DA:1301,1
BRF:0
BRH:0
LF:819
LH:344
end_of_record
SF:/Users/rt/workspace/synod/src/cli/cluster.rs
FN:127,_RNCNCNvNtNtCs3oCotP8OZr6_5synod3cli7cluster16summarize_member00B9_
FN:57,_RNCNvNtNtCs3oCotP8OZr6_5synod3cli7cluster12execute_init0B7_
FN:81,_RNCNvNtNtCs3oCotP8OZr6_5synod3cli7cluster15execute_inspect0B7_
FN:122,_RNCNvNtNtCs3oCotP8OZr6_5synod3cli7cluster16summarize_member0B7_
FN:199,_RNCNvNtNtCs3oCotP8OZr6_5synod3cli7cluster19canonical_workspace0B7_
FN:99,_RNCNvNtNtCs3oCotP8OZr6_5synod3cli7cluster20build_cluster_report0B7_
FN:107,_RNCNvNtNtCs3oCotP8OZr6_5synod3cli7cluster20build_cluster_reports_0B7_
FN:273,_RNvMNtNtCs3oCotP8OZr6_5synod3cli7clusterNtB2_19ClusterCommandError19validate_cluster_id
FN:24,_RNvNtNtCs3oCotP8OZr6_5synod3cli7cluster12execute_init
FN:70,_RNvNtNtCs3oCotP8OZr6_5synod3cli7cluster14execute_status
FN:78,_RNvNtNtCs3oCotP8OZr6_5synod3cli7cluster15execute_inspect
FN:117,_RNvNtNtCs3oCotP8OZr6_5synod3cli7cluster16summarize_member
FN:210,_RNvNtNtCs3oCotP8OZr6_5synod3cli7cluster17normalize_members
FN:244,_RNvNtNtCs3oCotP8OZr6_5synod3cli7cluster18is_synod_workspace
FN:198,_RNvNtNtCs3oCotP8OZr6_5synod3cli7cluster19canonical_workspace
FN:184,_RNvNtNtCs3oCotP8OZr6_5synod3cli7cluster19session_status_text
FN:93,_RNvNtNtCs3oCotP8OZr6_5synod3cli7cluster20build_cluster_report
FN:281,_RNvNtNtCs3oCotP8OZr6_5synod3cli7cluster20validate_init_inputs
FNDA:0,_RNCNCNvNtNtCs3oCotP8OZr6_5synod3cli7cluster16summarize_member00B9_
FNDA:2,_RNCNvNtNtCs3oCotP8OZr6_5synod3cli7cluster12execute_init0B7_
FNDA:0,_RNCNvNtNtCs3oCotP8OZr6_5synod3cli7cluster15execute_inspect0B7_
FNDA:0,_RNCNvNtNtCs3oCotP8OZr6_5synod3cli7cluster16summarize_member0B7_
FNDA:0,_RNCNvNtNtCs3oCotP8OZr6_5synod3cli7cluster19canonical_workspace0B7_
FNDA:0,_RNCNvNtNtCs3oCotP8OZr6_5synod3cli7cluster20build_cluster_report0B7_
FNDA:0,_RNCNvNtNtCs3oCotP8OZr6_5synod3cli7cluster20build_cluster_reports_0B7_
FNDA:1,_RNvMNtNtCs3oCotP8OZr6_5synod3cli7clusterNtB2_19ClusterCommandError19validate_cluster_id
FNDA:1,_RNvNtNtCs3oCotP8OZr6_5synod3cli7cluster12execute_init
FNDA:0,_RNvNtNtCs3oCotP8OZr6_5synod3cli7cluster14execute_status
FNDA:0,_RNvNtNtCs3oCotP8OZr6_5synod3cli7cluster15execute_inspect
FNDA:0,_RNvNtNtCs3oCotP8OZr6_5synod3cli7cluster16summarize_member
FNDA:1,_RNvNtNtCs3oCotP8OZr6_5synod3cli7cluster17normalize_members
FNDA:3,_RNvNtNtCs3oCotP8OZr6_5synod3cli7cluster18is_synod_workspace
FNDA:3,_RNvNtNtCs3oCotP8OZr6_5synod3cli7cluster19canonical_workspace
FNDA:0,_RNvNtNtCs3oCotP8OZr6_5synod3cli7cluster19session_status_text
FNDA:0,_RNvNtNtCs3oCotP8OZr6_5synod3cli7cluster20build_cluster_report
FNDA:1,_RNvNtNtCs3oCotP8OZr6_5synod3cli7cluster20validate_init_inputs
FNF:18
FNH:7
DA:24,1
DA:25,1
DA:26,1
DA:27,1
DA:28,1
DA:29,1
DA:30,1
DA:31,1
DA:33,1
DA:34,0
DA:35,1
DA:37,1
DA:39,1
DA:40,1
DA:41,1
DA:42,1
DA:43,1
DA:44,1
DA:45,1
DA:46,1
DA:47,1
DA:48,1
DA:49,1
DA:50,1
DA:52,1
DA:53,1
DA:54,1
DA:55,1
DA:56,1
DA:57,2
DA:58,1
DA:60,1
DA:61,1
DA:62,1
DA:63,1
DA:64,1
DA:65,1
DA:66,1
DA:67,1
DA:68,1
DA:70,0
DA:71,0
DA:72,0
DA:73,0
DA:74,0
DA:75,0
DA:76,0
DA:78,0
DA:79,0
DA:80,0
DA:81,0
DA:82,0
DA:84,0
DA:87,0
DA:88,0
DA:89,0
DA:90,0
DA:91,0
DA:93,0
DA:94,0
DA:95,0
DA:96,0
DA:97,0
DA:98,0
DA:99,0
DA:100,0
DA:101,0
DA:103,0
DA:104,0
DA:105,0
DA:106,0
DA:107,0
DA:108,0
DA:110,0
DA:111,0
DA:112,0
DA:113,0
DA:114,0
DA:115,0
DA:117,0
DA:118,0
DA:119,0
DA:120,0
DA:121,0
DA:122,0
DA:123,0
DA:124,0
DA:125,0
DA:126,0
DA:127,0
DA:128,0
DA:130,0
DA:131,0
DA:132,0
DA:133,0
DA:134,0
DA:135,0
DA:136,0
DA:137,0
DA:138,0
DA:140,0
DA:141,0
DA:147,0
DA:149,0
DA:152,0
DA:153,0
DA:154,0
DA:155,0
DA:156,0
DA:157,0
DA:158,0
DA:160,0
DA:161,0
DA:162,0
DA:163,0
DA:164,0
DA:165,0
DA:166,0
DA:167,0
DA:168,0
DA:169,0
DA:170,0
DA:171,0
DA:172,0
DA:173,0
DA:174,0
DA:175,0
DA:176,0
DA:177,0
DA:178,0
DA:179,0
DA:180,0
DA:182,0
DA:184,0
DA:185,0
DA:186,0
DA:187,0
DA:188,0
DA:189,0
DA:190,0
DA:191,0
DA:192,0
DA:193,0
DA:194,0
DA:196,0
DA:198,3
DA:199,3
DA:200,0
DA:201,0
DA:203,3
DA:204,0
DA:205,3
DA:207,3
DA:208,3
DA:210,1
DA:211,1
DA:212,1
DA:213,1
DA:214,1
DA:215,0
DA:216,1
DA:218,1
DA:219,1
DA:221,2
DA:222,2
DA:223,2
DA:224,1
DA:225,1
DA:227,1
DA:230,2
DA:231,2
DA:232,2
DA:233,2
DA:234,2
DA:237,1
DA:238,0
DA:239,1
DA:241,1
DA:242,1
DA:244,3
DA:245,3
DA:246,0
DA:247,0
DA:248,3
DA:273,1
DA:274,1
DA:275,0
DA:276,1
DA:277,1
DA:278,1
DA:281,1
DA:282,1
DA:283,1
BRF:0
BRH:0
LF:202
LH:80
end_of_record
SF:/Users/rt/workspace/synod/src/cli/config.rs
FN:308,_RNvNtNtCs3oCotP8OZr6_5synod3cli6config10route_text
FN:135,_RNvNtNtCs3oCotP8OZr6_5synod3cli6config11execute_set
FN:312,_RNvNtNtCs3oCotP8OZr6_5synod3cli6config11source_text
FN:32,_RNvNtNtCs3oCotP8OZr6_5synod3cli6config12execute_show
FN:245,_RNvNtNtCs3oCotP8OZr6_5synod3cli6config12render_scope
FN:191,_RNvNtNtCs3oCotP8OZr6_5synod3cli6config13execute_unset
FN:328,_RNvNtNtCs3oCotP8OZr6_5synod3cli6config15mutation_target
FN:353,_RNvNtNtCs3oCotP8OZr6_5synod3cli6config21load_config_for_scope
FN:372,_RNvNtNtCs3oCotP8OZr6_5synod3cli6config21save_config_for_scope
FN:140,_RNCNvNtNtCs3oCotP8OZr6_5synod3cli6config11execute_set0B7_
FN:160,_RNCNvNtNtCs3oCotP8OZr6_5synod3cli6config11execute_sets0_0B7_
FN:182,_RNCNvNtNtCs3oCotP8OZr6_5synod3cli6config11execute_sets1_0B7_
FN:147,_RNCNvNtNtCs3oCotP8OZr6_5synod3cli6config11execute_sets_0B7_
FN:52,_RNCNvNtNtCs3oCotP8OZr6_5synod3cli6config12execute_show0B7_
FN:67,_RNCNvNtNtCs3oCotP8OZr6_5synod3cli6config12execute_shows_0B7_
FN:299,_RNCNvNtNtCs3oCotP8OZr6_5synod3cli6config12render_scope0B7_
FN:258,_RNCNvNtNtCs3oCotP8OZr6_5synod3cli6config12render_scopes0_0B7_
FN:267,_RNCNvNtNtCs3oCotP8OZr6_5synod3cli6config12render_scopes1_0B7_
FN:271,_RNCNvNtNtCs3oCotP8OZr6_5synod3cli6config12render_scopes2_0B7_
FN:280,_RNCNvNtNtCs3oCotP8OZr6_5synod3cli6config12render_scopes3_0B7_
FN:249,_RNCNvNtNtCs3oCotP8OZr6_5synod3cli6config12render_scopes_0B7_
FN:206,_RNCNvNtNtCs3oCotP8OZr6_5synod3cli6config13execute_unset0B7_
FNDA:0,_RNvNtNtCs3oCotP8OZr6_5synod3cli6config10route_text
FNDA:0,_RNvNtNtCs3oCotP8OZr6_5synod3cli6config11execute_set
FNDA:0,_RNvNtNtCs3oCotP8OZr6_5synod3cli6config11source_text
FNDA:0,_RNvNtNtCs3oCotP8OZr6_5synod3cli6config12execute_show
FNDA:0,_RNvNtNtCs3oCotP8OZr6_5synod3cli6config12render_scope
FNDA:0,_RNvNtNtCs3oCotP8OZr6_5synod3cli6config13execute_unset
FNDA:0,_RNvNtNtCs3oCotP8OZr6_5synod3cli6config15mutation_target
FNDA:0,_RNvNtNtCs3oCotP8OZr6_5synod3cli6config21load_config_for_scope
FNDA:0,_RNvNtNtCs3oCotP8OZr6_5synod3cli6config21save_config_for_scope
FNDA:0,_RNCNvNtNtCs3oCotP8OZr6_5synod3cli6config11execute_set0B7_
FNDA:0,_RNCNvNtNtCs3oCotP8OZr6_5synod3cli6config11execute_sets0_0B7_
FNDA:0,_RNCNvNtNtCs3oCotP8OZr6_5synod3cli6config11execute_sets1_0B7_
FNDA:0,_RNCNvNtNtCs3oCotP8OZr6_5synod3cli6config11execute_sets_0B7_
FNDA:0,_RNCNvNtNtCs3oCotP8OZr6_5synod3cli6config12execute_show0B7_
FNDA:0,_RNCNvNtNtCs3oCotP8OZr6_5synod3cli6config12execute_shows_0B7_
FNDA:0,_RNCNvNtNtCs3oCotP8OZr6_5synod3cli6config12render_scope0B7_
FNDA:0,_RNCNvNtNtCs3oCotP8OZr6_5synod3cli6config12render_scopes0_0B7_
FNDA:0,_RNCNvNtNtCs3oCotP8OZr6_5synod3cli6config12render_scopes1_0B7_
FNDA:0,_RNCNvNtNtCs3oCotP8OZr6_5synod3cli6config12render_scopes2_0B7_
FNDA:0,_RNCNvNtNtCs3oCotP8OZr6_5synod3cli6config12render_scopes3_0B7_
FNDA:0,_RNCNvNtNtCs3oCotP8OZr6_5synod3cli6config12render_scopes_0B7_
FNDA:0,_RNCNvNtNtCs3oCotP8OZr6_5synod3cli6config13execute_unset0B7_
FNF:22
FNH:0
DA:32,0
DA:33,0
DA:34,0
DA:35,0
DA:36,0
DA:37,0
DA:39,0
DA:41,0
DA:42,0
DA:45,0
DA:46,0
DA:47,0
DA:50,0
DA:51,0
DA:52,0
DA:53,0
DA:54,0
DA:55,0
DA:56,0
DA:59,0
DA:60,0
DA:61,0
DA:62,0
DA:63,0
DA:65,0
DA:66,0
DA:67,0
DA:68,0
DA:69,0
DA:73,0
DA:75,0
DA:76,0
DA:77,0
DA:78,0
DA:79,0
DA:80,0
DA:83,0
DA:84,0
DA:86,0
DA:87,0
DA:89,0
DA:91,0
DA:92,0
DA:94,0
DA:96,0
DA:97,0
DA:99,0
DA:101,0
DA:102,0
DA:104,0
DA:106,0
DA:107,0
DA:110,0
DA:111,0
DA:112,0
DA:113,0
DA:114,0
DA:115,0
DA:116,0
DA:117,0
DA:118,0
DA:119,0
DA:120,0
DA:121,0
DA:124,0
DA:125,0
DA:128,0
DA:132,0
DA:133,0
DA:135,0
DA:136,0
DA:137,0
DA:138,0
DA:139,0
DA:140,0
DA:142,0
DA:143,0
DA:144,0
DA:145,0
DA:146,0
DA:147,0
DA:149,0
DA:150,0
DA:151,0
DA:152,0
DA:153,0
DA:154,0
DA:157,0
DA:158,0
DA:159,0
DA:160,0
DA:161,0
DA:163,0
DA:164,0
DA:165,0
DA:166,0
DA:167,0
DA:169,0
DA:171,0
DA:172,0
DA:173,0
DA:174,0
DA:175,0
DA:176,0
DA:179,0
DA:180,0
DA:181,0
DA:182,0
DA:183,0
DA:185,0
DA:186,0
DA:187,0
DA:188,0
DA:189,0
DA:191,0
DA:192,0
DA:193,0
DA:194,0
DA:195,0
DA:196,0
DA:197,0
DA:198,0
DA:199,0
DA:201,0
DA:202,0
DA:203,0
DA:204,0
DA:205,0
DA:206,0
DA:208,0
DA:209,0
DA:210,0
DA:211,0
DA:212,0
DA:213,0
DA:216,0
DA:218,0
DA:219,0
DA:220,0
DA:221,0
DA:222,0
DA:223,0
DA:224,0
DA:225,0
DA:227,0
DA:229,0
DA:230,0
DA:231,0
DA:232,0
DA:233,0
DA:234,0
DA:237,0
DA:239,0
DA:240,0
DA:241,0
DA:242,0
DA:243,0
DA:245,0
DA:246,0
DA:247,0
DA:249,0
DA:251,0
DA:253,0
DA:254,0
DA:255,0
DA:256,0
DA:257,0
DA:258,0
DA:260,0
DA:262,0
DA:263,0
DA:264,0
DA:265,0
DA:266,0
DA:267,0
DA:269,0
DA:271,0
DA:273,0
DA:275,0
DA:276,0
DA:277,0
DA:278,0
DA:279,0
DA:280,0
DA:283,0
DA:284,0
DA:285,0
DA:286,0
DA:287,0
DA:288,0
DA:289,0
DA:292,0
DA:293,0
DA:294,0
DA:295,0
DA:296,0
DA:297,0
DA:298,0
DA:299,0
DA:300,0
DA:301,0
DA:302,0
DA:305,0
DA:306,0
DA:308,0
DA:309,0
DA:310,0
DA:312,0
DA:313,0
DA:314,0
DA:315,0
DA:316,0
DA:317,0
DA:318,0
DA:320,0
DA:328,0
DA:329,0
DA:330,0
DA:331,0
DA:332,0
DA:333,0
DA:334,0
DA:335,0
DA:336,0
DA:337,0
DA:339,0
DA:340,0
DA:341,0
DA:343,0
DA:344,0
DA:345,0
DA:346,0
DA:347,0
DA:348,0
DA:350,0
DA:351,0
DA:353,0
DA:354,0
DA:355,0
DA:356,0
DA:357,0
DA:359,0
DA:360,0
DA:363,0
DA:364,0
DA:365,0
DA:366,0
DA:368,0
DA:370,0
DA:372,0
DA:373,0
DA:374,0
DA:375,0
DA:376,0
DA:377,0
DA:378,0
DA:380,0
DA:381,0
DA:382,0
DA:384,0
DA:386,0
BRF:0
BRH:0
LF:276
LH:0
end_of_record
SF:/Users/rt/workspace/synod/src/cli/diagnostics.rs
FN:230,_RNCNvNtNtNtCs3oCotP8OZr6_5synod3cli11diagnostics5testss_54diagnostics_report_marks_a_writable_workspace_as_ready0B9_
FN:33,_RINvNtNtCs3oCotP8OZr6_5synod3cli11diagnostics18diagnose_workspaceRNtNtCsg55jX0GwzBC_3std4path7PathBufEB6_
FN:37,_RINvNtNtCs3oCotP8OZr6_5synod3cli11diagnostics36diagnose_native_direct_run_workspaceRNtNtCsg55jX0GwzBC_3std4path7PathBufEB6_
FN:41,_RINvNtNtCs3oCotP8OZr6_5synod3cli11diagnostics43diagnose_workspace_with_profile_requirementRNtNtCsg55jX0GwzBC_3std4path7PathBufEB6_
FN:80,_RNCINvNtNtCs3oCotP8OZr6_5synod3cli11diagnostics43diagnose_workspace_with_profile_requirementRNtNtCsg55jX0GwzBC_3std4path7PathBufE0B8_
FN:165,_RNCINvNtNtCs3oCotP8OZr6_5synod3cli11diagnostics43diagnose_workspace_with_profile_requirementRNtNtCsg55jX0GwzBC_3std4path7PathBufEs0_0B8_
FN:169,_RNCINvNtNtCs3oCotP8OZr6_5synod3cli11diagnostics43diagnose_workspace_with_profile_requirementRNtNtCsg55jX0GwzBC_3std4path7PathBufEs1_0B8_
FN:170,_RNCINvNtNtCs3oCotP8OZr6_5synod3cli11diagnostics43diagnose_workspace_with_profile_requirementRNtNtCsg55jX0GwzBC_3std4path7PathBufEs2_0B8_
FN:164,_RNCINvNtNtCs3oCotP8OZr6_5synod3cli11diagnostics43diagnose_workspace_with_profile_requirementRNtNtCsg55jX0GwzBC_3std4path7PathBufEs_0B8_
FN:191,_RNvNtNtNtCs3oCotP8OZr6_5synod3cli11diagnostics5tests14temp_workspace
FN:234,_RNvNtNtNtCs3oCotP8OZr6_5synod3cli11diagnostics5testss_44diagnostics_report_flags_a_missing_workspace
FN:243,_RNvNtNtNtCs3oCotP8OZr6_5synod3cli11diagnostics5testss_46diagnostics_report_flags_an_invalid_trace_root
FN:224,_RNvNtNtNtCs3oCotP8OZr6_5synod3cli11diagnostics5testss_54diagnostics_report_marks_a_writable_workspace_as_ready
FNDA:5,_RNCNvNtNtNtCs3oCotP8OZr6_5synod3cli11diagnostics5testss_54diagnostics_report_marks_a_writable_workspace_as_ready0B9_
FNDA:3,_RINvNtNtCs3oCotP8OZr6_5synod3cli11diagnostics18diagnose_workspaceRNtNtCsg55jX0GwzBC_3std4path7PathBufEB6_
FNDA:2,_RINvNtNtCs3oCotP8OZr6_5synod3cli11diagnostics36diagnose_native_direct_run_workspaceRNtNtCsg55jX0GwzBC_3std4path7PathBufEB6_
FNDA:5,_RINvNtNtCs3oCotP8OZr6_5synod3cli11diagnostics43diagnose_workspace_with_profile_requirementRNtNtCsg55jX0GwzBC_3std4path7PathBufEB6_
FNDA:4,_RNCINvNtNtCs3oCotP8OZr6_5synod3cli11diagnostics43diagnose_workspace_with_profile_requirementRNtNtCsg55jX0GwzBC_3std4path7PathBufE0B8_
FNDA:7,_RNCINvNtNtCs3oCotP8OZr6_5synod3cli11diagnostics43diagnose_workspace_with_profile_requirementRNtNtCsg55jX0GwzBC_3std4path7PathBufEs0_0B8_
FNDA:25,_RNCINvNtNtCs3oCotP8OZr6_5synod3cli11diagnostics43diagnose_workspace_with_profile_requirementRNtNtCsg55jX0GwzBC_3std4path7PathBufEs1_0B8_
FNDA:7,_RNCINvNtNtCs3oCotP8OZr6_5synod3cli11diagnostics43diagnose_workspace_with_profile_requirementRNtNtCsg55jX0GwzBC_3std4path7PathBufEs2_0B8_
FNDA:25,_RNCINvNtNtCs3oCotP8OZr6_5synod3cli11diagnostics43diagnose_workspace_with_profile_requirementRNtNtCsg55jX0GwzBC_3std4path7PathBufEs_0B8_
FNDA:2,_RNvNtNtNtCs3oCotP8OZr6_5synod3cli11diagnostics5tests14temp_workspace
FNDA:1,_RNvNtNtNtCs3oCotP8OZr6_5synod3cli11diagnostics5testss_44diagnostics_report_flags_a_missing_workspace
FNDA:1,_RNvNtNtNtCs3oCotP8OZr6_5synod3cli11diagnostics5testss_46diagnostics_report_flags_an_invalid_trace_root
FNDA:1,_RNvNtNtNtCs3oCotP8OZr6_5synod3cli11diagnostics5testss_54diagnostics_report_marks_a_writable_workspace_as_ready
FNF:13
FNH:13
DA:33,3
DA:34,3
DA:35,3
DA:37,2
DA:38,2
DA:39,2
DA:41,5
DA:42,5
DA:43,5
DA:44,5
DA:45,5
DA:46,5
DA:47,5
DA:49,5
DA:50,5
DA:51,4
DA:52,4
DA:53,4
DA:54,4
DA:55,4
DA:57,1
DA:58,1
DA:59,1
DA:60,1
DA:61,1
DA:64,5
DA:65,5
DA:66,3
DA:67,3
DA:68,3
DA:69,3
DA:70,3
DA:72,2
DA:73,2
DA:74,2
DA:75,2
DA:76,2
DA:79,5
DA:80,4
DA:82,1
DA:84,5
DA:85,4
DA:86,4
DA:87,4
DA:88,4
DA:89,4
DA:91,1
DA:92,1
DA:93,1
DA:94,1
DA:95,1
DA:98,5
DA:99,5
DA:100,5
DA:101,5
DA:102,5
DA:104,3
DA:105,3
DA:106,3
DA:107,0
DA:109,3
DA:113,2
DA:114,2
DA:115,2
DA:116,2
DA:117,2
DA:118,2
DA:119,2
DA:120,2
DA:123,5
DA:124,3
DA:125,3
DA:126,3
DA:127,3
DA:128,3
DA:129,3
DA:130,3
DA:131,3
DA:132,3
DA:133,1
DA:134,1
DA:135,1
DA:136,1
DA:137,1
DA:138,1
DA:139,1
DA:140,1
DA:141,1
DA:143,1
DA:144,1
DA:145,1
DA:146,1
DA:147,1
DA:148,0
DA:149,0
DA:150,0
DA:151,0
DA:152,0
DA:153,0
DA:154,0
DA:155,0
DA:156,0
DA:157,0
DA:158,0
DA:159,0
DA:162,5
DA:163,5
DA:164,25
DA:165,7
DA:166,5
DA:167,5
DA:168,5
DA:169,25
DA:170,7
DA:171,5
DA:173,5
DA:174,5
DA:175,5
DA:176,5
DA:177,5
DA:178,5
DA:179,5
DA:180,5
DA:191,2
DA:192,2
DA:193,2
DA:194,2
DA:195,2
DA:196,2
DA:199,2
DA:200,2
DA:201,2
DA:202,2
DA:203,2
DA:204,2
DA:205,2
DA:206,2
DA:207,2
DA:208,2
DA:209,2
DA:210,2
DA:211,2
DA:212,2
DA:213,2
DA:214,2
DA:215,2
DA:216,2
DA:217,2
DA:219,2
DA:220,2
DA:221,2
DA:224,1
DA:225,1
DA:226,1
DA:228,1
DA:229,1
DA:230,5
DA:231,1
DA:234,1
DA:235,1
DA:236,1
DA:238,1
DA:239,1
DA:240,1
DA:243,1
DA:244,1
DA:245,1
DA:246,1
DA:247,1
DA:249,1
DA:251,1
DA:252,1
DA:253,1
BRF:0
BRH:0
LF:179
LH:166
end_of_record
SF:/Users/rt/workspace/synod/src/cli/init.rs
FN:17,_RNvNtNtCs3oCotP8OZr6_5synod3cli4init12execute_init
FN:135,_RNvNtNtCs3oCotP8OZr6_5synod3cli4init14template_label
FN:156,_RNvNtNtCs3oCotP8OZr6_5synod3cli4init15command_in_path
FN:147,_RNvNtNtCs3oCotP8OZr6_5synod3cli4init17runtime_available
FN:102,_RNvNtNtCs3oCotP8OZr6_5synod3cli4init18execution_template
FN:143,_RNvNtNtCs3oCotP8OZr6_5synod3cli4init23runtime_capability_line
FN:24,_RNCNvNtNtCs3oCotP8OZr6_5synod3cli4init12execute_init0B7_
FN:71,_RNCNvNtNtCs3oCotP8OZr6_5synod3cli4init12execute_inits0_0B7_
FN:79,_RNCNvNtNtCs3oCotP8OZr6_5synod3cli4init12execute_inits1_0B7_
FN:63,_RNCNvNtNtCs3oCotP8OZr6_5synod3cli4init12execute_inits_0B7_
FNDA:0,_RNvNtNtCs3oCotP8OZr6_5synod3cli4init12execute_init
FNDA:0,_RNvNtNtCs3oCotP8OZr6_5synod3cli4init14template_label
FNDA:0,_RNvNtNtCs3oCotP8OZr6_5synod3cli4init15command_in_path
FNDA:0,_RNvNtNtCs3oCotP8OZr6_5synod3cli4init17runtime_available
FNDA:0,_RNvNtNtCs3oCotP8OZr6_5synod3cli4init18execution_template
FNDA:0,_RNvNtNtCs3oCotP8OZr6_5synod3cli4init23runtime_capability_line
FNDA:0,_RNCNvNtNtCs3oCotP8OZr6_5synod3cli4init12execute_init0B7_
FNDA:0,_RNCNvNtNtCs3oCotP8OZr6_5synod3cli4init12execute_inits0_0B7_
FNDA:0,_RNCNvNtNtCs3oCotP8OZr6_5synod3cli4init12execute_inits1_0B7_
FNDA:0,_RNCNvNtNtCs3oCotP8OZr6_5synod3cli4init12execute_inits_0B7_
FNF:10
FNH:0
DA:17,0
DA:18,0
DA:19,0
DA:20,0
DA:21,0
DA:22,0
DA:23,0
DA:24,0
DA:25,0
DA:26,0
DA:28,0
DA:29,0
DA:30,0
DA:31,0
DA:33,0
DA:34,0
DA:35,0
DA:37,0
DA:38,0
DA:40,0
DA:42,0
DA:43,0
DA:45,0
DA:48,0
DA:49,0
DA:50,0
DA:51,0
DA:52,0
DA:54,0
DA:55,0
DA:56,0
DA:57,0
DA:58,0
DA:59,0
DA:61,0
DA:62,0
DA:63,0
DA:64,0
DA:66,0
DA:67,0
DA:68,0
DA:69,0
DA:71,0
DA:73,0
DA:74,0
DA:75,0
DA:77,0
DA:78,0
DA:79,0
DA:80,0
DA:82,0
DA:83,0
DA:84,0
DA:85,0
DA:86,0
DA:89,0
DA:90,0
DA:91,0
DA:92,0
DA:94,0
DA:96,0
DA:97,0
DA:98,0
DA:99,0
DA:100,0
DA:102,0
DA:103,0
DA:104,0
DA:105,0
DA:107,0
DA:111,0
DA:112,0
DA:113,0
DA:114,0
DA:115,0
DA:116,0
DA:118,0
DA:120,0
DA:121,0
DA:122,0
DA:123,0
DA:125,0
DA:126,0
DA:127,0
DA:133,0
DA:135,0
DA:136,0
DA:137,0
DA:138,0
DA:139,0
DA:141,0
DA:143,0
DA:144,0
DA:145,0
DA:147,0
DA:148,0
DA:149,0
DA:150,0
DA:151,0
DA:152,0
DA:154,0
DA:156,0
DA:157,0
DA:158,0
DA:159,0
DA:162,0
DA:163,0
DA:164,0
DA:165,0
DA:166,0
DA:169,0
DA:170,0
BRF:0
BRH:0
LF:116
LH:0
end_of_record
SF:/Users/rt/workspace/synod/src/cli/inspect.rs
FN:100,_RNvNtNtCs3oCotP8OZr6_5synod3cli7inspect33render_inspection_routing_summary
FN:1323,_RNCNvNtNtNtCs3oCotP8OZr6_5synod3cli7inspect5testss_72summarize_trace_synthesizes_running_summary_for_paused_governance_traces0B9_
FN:1083,_RNvNtNtNtCs3oCotP8OZr6_5synod3cli7inspect5tests14temp_workspace
FN:1089,_RNvNtNtNtCs3oCotP8OZr6_5synod3cli7inspect5tests14terminal_trace
FN:1242,_RNvNtNtNtCs3oCotP8OZr6_5synod3cli7inspect5testss_46summarize_trace_collects_review_timeline_lines
FN:1099,_RNvNtNtNtCs3oCotP8OZr6_5synod3cli7inspect5testss_52render_error_maps_session_store_and_summary_failures
FN:1113,_RNvNtNtNtCs3oCotP8OZr6_5synod3cli7inspect5testss_53summarize_trace_reports_missing_step_id_and_step_kind
FN:1168,_RNvNtNtNtCs3oCotP8OZr6_5synod3cli7inspect5testss_62inspection_helpers_cover_default_headlines_and_command_targets
FN:1135,_RNvNtNtNtCs3oCotP8OZr6_5synod3cli7inspect5testss_72resolve_session_trace_ref_maps_invalid_records_to_invalid_session_errors
FN:1291,_RNvNtNtNtCs3oCotP8OZr6_5synod3cli7inspect5testss_72summarize_trace_synthesizes_running_summary_for_paused_governance_traces
FN:1186,_RNvNtNtNtCs3oCotP8OZr6_5synod3cli7inspect5testss_79summarize_trace_collects_recovery_events_and_headlines_from_validation_payloads
FN:111,_RINvNtNtCs3oCotP8OZr6_5synod3cli7inspect15summarize_traceRNtNtCsg55jX0GwzBC_3std4path7PathBufEB6_
FN:111,_RINvNtNtCs3oCotP8OZr6_5synod3cli7inspect15summarize_traceReEB6_
FN:162,_RNCINvNtNtCs3oCotP8OZr6_5synod3cli7inspect15summarize_traceRNtNtCsg55jX0GwzBC_3std4path7PathBufE0B8_
FN:169,_RNCINvNtNtCs3oCotP8OZr6_5synod3cli7inspect15summarize_traceRNtNtCsg55jX0GwzBC_3std4path7PathBufEs0_0B8_
FN:170,_RNCINvNtNtCs3oCotP8OZr6_5synod3cli7inspect15summarize_traceRNtNtCsg55jX0GwzBC_3std4path7PathBufEs1_0B8_
FN:171,_RNCINvNtNtCs3oCotP8OZr6_5synod3cli7inspect15summarize_traceRNtNtCsg55jX0GwzBC_3std4path7PathBufEs2_0B8_
FN:183,_RNCINvNtNtCs3oCotP8OZr6_5synod3cli7inspect15summarize_traceRNtNtCsg55jX0GwzBC_3std4path7PathBufEs3_0B8_
FN:184,_RNCINvNtNtCs3oCotP8OZr6_5synod3cli7inspect15summarize_traceRNtNtCsg55jX0GwzBC_3std4path7PathBufEs4_0B8_
FN:185,_RNCINvNtNtCs3oCotP8OZr6_5synod3cli7inspect15summarize_traceRNtNtCsg55jX0GwzBC_3std4path7PathBufEs5_0B8_
FN:197,_RNCINvNtNtCs3oCotP8OZr6_5synod3cli7inspect15summarize_traceRNtNtCsg55jX0GwzBC_3std4path7PathBufEs6_0B8_
FN:198,_RNCINvNtNtCs3oCotP8OZr6_5synod3cli7inspect15summarize_traceRNtNtCsg55jX0GwzBC_3std4path7PathBufEs7_0B8_
FN:204,_RNCINvNtNtCs3oCotP8OZr6_5synod3cli7inspect15summarize_traceRNtNtCsg55jX0GwzBC_3std4path7PathBufEs8_0B8_
FN:205,_RNCINvNtNtCs3oCotP8OZr6_5synod3cli7inspect15summarize_traceRNtNtCsg55jX0GwzBC_3std4path7PathBufEs9_0B8_
FN:461,_RNCINvNtNtCs3oCotP8OZr6_5synod3cli7inspect15summarize_traceRNtNtCsg55jX0GwzBC_3std4path7PathBufEsA_0B8_
FN:467,_RNCINvNtNtCs3oCotP8OZr6_5synod3cli7inspect15summarize_traceRNtNtCsg55jX0GwzBC_3std4path7PathBufEsB_0B8_
FN:472,_RNCINvNtNtCs3oCotP8OZr6_5synod3cli7inspect15summarize_traceRNtNtCsg55jX0GwzBC_3std4path7PathBufEsC_0B8_
FN:287,_RNCINvNtNtCs3oCotP8OZr6_5synod3cli7inspect15summarize_traceRNtNtCsg55jX0GwzBC_3std4path7PathBufEsD_0B8_
FN:292,_RNCINvNtNtCs3oCotP8OZr6_5synod3cli7inspect15summarize_traceRNtNtCsg55jX0GwzBC_3std4path7PathBufEsE_0B8_
FN:306,_RNCINvNtNtCs3oCotP8OZr6_5synod3cli7inspect15summarize_traceRNtNtCsg55jX0GwzBC_3std4path7PathBufEsF_0B8_
FN:311,_RNCINvNtNtCs3oCotP8OZr6_5synod3cli7inspect15summarize_traceRNtNtCsg55jX0GwzBC_3std4path7PathBufEsG_0B8_
FN:163,_RNCINvNtNtCs3oCotP8OZr6_5synod3cli7inspect15summarize_traceRNtNtCsg55jX0GwzBC_3std4path7PathBufEs_0B8_
FN:211,_RNCINvNtNtCs3oCotP8OZr6_5synod3cli7inspect15summarize_traceRNtNtCsg55jX0GwzBC_3std4path7PathBufEsa_0B8_
FN:212,_RNCINvNtNtCs3oCotP8OZr6_5synod3cli7inspect15summarize_traceRNtNtCsg55jX0GwzBC_3std4path7PathBufEsb_0B8_
FN:213,_RNCINvNtNtCs3oCotP8OZr6_5synod3cli7inspect15summarize_traceRNtNtCsg55jX0GwzBC_3std4path7PathBufEsc_0B8_
FN:225,_RNCINvNtNtCs3oCotP8OZr6_5synod3cli7inspect15summarize_traceRNtNtCsg55jX0GwzBC_3std4path7PathBufEsd_0B8_
FN:226,_RNCINvNtNtCs3oCotP8OZr6_5synod3cli7inspect15summarize_traceRNtNtCsg55jX0GwzBC_3std4path7PathBufEse_0B8_
FN:232,_RNCINvNtNtCs3oCotP8OZr6_5synod3cli7inspect15summarize_traceRNtNtCsg55jX0GwzBC_3std4path7PathBufEsf_0B8_
FN:233,_RNCINvNtNtCs3oCotP8OZr6_5synod3cli7inspect15summarize_traceRNtNtCsg55jX0GwzBC_3std4path7PathBufEsg_0B8_
FN:239,_RNCINvNtNtCs3oCotP8OZr6_5synod3cli7inspect15summarize_traceRNtNtCsg55jX0GwzBC_3std4path7PathBufEsh_0B8_
FN:240,_RNCINvNtNtCs3oCotP8OZr6_5synod3cli7inspect15summarize_traceRNtNtCsg55jX0GwzBC_3std4path7PathBufEsi_0B8_
FN:246,_RNCINvNtNtCs3oCotP8OZr6_5synod3cli7inspect15summarize_traceRNtNtCsg55jX0GwzBC_3std4path7PathBufEsj_0B8_
FN:247,_RNCINvNtNtCs3oCotP8OZr6_5synod3cli7inspect15summarize_traceRNtNtCsg55jX0GwzBC_3std4path7PathBufEsk_0B8_
FN:253,_RNCINvNtNtCs3oCotP8OZr6_5synod3cli7inspect15summarize_traceRNtNtCsg55jX0GwzBC_3std4path7PathBufEsl_0B8_
FN:254,_RNCINvNtNtCs3oCotP8OZr6_5synod3cli7inspect15summarize_traceRNtNtCsg55jX0GwzBC_3std4path7PathBufEsm_0B8_
FN:260,_RNCINvNtNtCs3oCotP8OZr6_5synod3cli7inspect15summarize_traceRNtNtCsg55jX0GwzBC_3std4path7PathBufEsn_0B8_
FN:261,_RNCINvNtNtCs3oCotP8OZr6_5synod3cli7inspect15summarize_traceRNtNtCsg55jX0GwzBC_3std4path7PathBufEso_0B8_
FN:267,_RNCINvNtNtCs3oCotP8OZr6_5synod3cli7inspect15summarize_traceRNtNtCsg55jX0GwzBC_3std4path7PathBufEsp_0B8_
FN:268,_RNCINvNtNtCs3oCotP8OZr6_5synod3cli7inspect15summarize_traceRNtNtCsg55jX0GwzBC_3std4path7PathBufEsq_0B8_
FN:276,_RNCINvNtNtCs3oCotP8OZr6_5synod3cli7inspect15summarize_traceRNtNtCsg55jX0GwzBC_3std4path7PathBufEsr_0B8_
FN:326,_RNCINvNtNtCs3oCotP8OZr6_5synod3cli7inspect15summarize_traceRNtNtCsg55jX0GwzBC_3std4path7PathBufEss_0B8_
FN:327,_RNCINvNtNtCs3oCotP8OZr6_5synod3cli7inspect15summarize_traceRNtNtCsg55jX0GwzBC_3std4path7PathBufEst_0B8_
FN:351,_RNCINvNtNtCs3oCotP8OZr6_5synod3cli7inspect15summarize_traceRNtNtCsg55jX0GwzBC_3std4path7PathBufEsu_0B8_
FN:361,_RNCINvNtNtCs3oCotP8OZr6_5synod3cli7inspect15summarize_traceRNtNtCsg55jX0GwzBC_3std4path7PathBufEsv_0B8_
FN:389,_RNCINvNtNtCs3oCotP8OZr6_5synod3cli7inspect15summarize_traceRNtNtCsg55jX0GwzBC_3std4path7PathBufEsw_0B8_
FN:442,_RNCINvNtNtCs3oCotP8OZr6_5synod3cli7inspect15summarize_traceRNtNtCsg55jX0GwzBC_3std4path7PathBufEsx_0B8_
FN:447,_RNCINvNtNtCs3oCotP8OZr6_5synod3cli7inspect15summarize_traceRNtNtCsg55jX0GwzBC_3std4path7PathBufEsy_0B8_
FN:455,_RNCINvNtNtCs3oCotP8OZr6_5synod3cli7inspect15summarize_traceRNtNtCsg55jX0GwzBC_3std4path7PathBufEsz_0B8_
FN:162,_RNCINvNtNtCs3oCotP8OZr6_5synod3cli7inspect15summarize_traceReE0B8_
FN:169,_RNCINvNtNtCs3oCotP8OZr6_5synod3cli7inspect15summarize_traceReEs0_0B8_
FN:170,_RNCINvNtNtCs3oCotP8OZr6_5synod3cli7inspect15summarize_traceReEs1_0B8_
FN:171,_RNCINvNtNtCs3oCotP8OZr6_5synod3cli7inspect15summarize_traceReEs2_0B8_
FN:183,_RNCINvNtNtCs3oCotP8OZr6_5synod3cli7inspect15summarize_traceReEs3_0B8_
FN:184,_RNCINvNtNtCs3oCotP8OZr6_5synod3cli7inspect15summarize_traceReEs4_0B8_
FN:185,_RNCINvNtNtCs3oCotP8OZr6_5synod3cli7inspect15summarize_traceReEs5_0B8_
FN:197,_RNCINvNtNtCs3oCotP8OZr6_5synod3cli7inspect15summarize_traceReEs6_0B8_
FN:198,_RNCINvNtNtCs3oCotP8OZr6_5synod3cli7inspect15summarize_traceReEs7_0B8_
FN:204,_RNCINvNtNtCs3oCotP8OZr6_5synod3cli7inspect15summarize_traceReEs8_0B8_
FN:205,_RNCINvNtNtCs3oCotP8OZr6_5synod3cli7inspect15summarize_traceReEs9_0B8_
FN:461,_RNCINvNtNtCs3oCotP8OZr6_5synod3cli7inspect15summarize_traceReEsA_0B8_
FN:467,_RNCINvNtNtCs3oCotP8OZr6_5synod3cli7inspect15summarize_traceReEsB_0B8_
FN:472,_RNCINvNtNtCs3oCotP8OZr6_5synod3cli7inspect15summarize_traceReEsC_0B8_
FN:287,_RNCINvNtNtCs3oCotP8OZr6_5synod3cli7inspect15summarize_traceReEsD_0B8_
FN:292,_RNCINvNtNtCs3oCotP8OZr6_5synod3cli7inspect15summarize_traceReEsE_0B8_
FN:306,_RNCINvNtNtCs3oCotP8OZr6_5synod3cli7inspect15summarize_traceReEsF_0B8_
FN:311,_RNCINvNtNtCs3oCotP8OZr6_5synod3cli7inspect15summarize_traceReEsG_0B8_
FN:163,_RNCINvNtNtCs3oCotP8OZr6_5synod3cli7inspect15summarize_traceReEs_0B8_
FN:211,_RNCINvNtNtCs3oCotP8OZr6_5synod3cli7inspect15summarize_traceReEsa_0B8_
FN:212,_RNCINvNtNtCs3oCotP8OZr6_5synod3cli7inspect15summarize_traceReEsb_0B8_
FN:213,_RNCINvNtNtCs3oCotP8OZr6_5synod3cli7inspect15summarize_traceReEsc_0B8_
FN:225,_RNCINvNtNtCs3oCotP8OZr6_5synod3cli7inspect15summarize_traceReEsd_0B8_
FN:226,_RNCINvNtNtCs3oCotP8OZr6_5synod3cli7inspect15summarize_traceReEse_0B8_
FN:232,_RNCINvNtNtCs3oCotP8OZr6_5synod3cli7inspect15summarize_traceReEsf_0B8_
FN:233,_RNCINvNtNtCs3oCotP8OZr6_5synod3cli7inspect15summarize_traceReEsg_0B8_
FN:239,_RNCINvNtNtCs3oCotP8OZr6_5synod3cli7inspect15summarize_traceReEsh_0B8_
FN:240,_RNCINvNtNtCs3oCotP8OZr6_5synod3cli7inspect15summarize_traceReEsi_0B8_
FN:246,_RNCINvNtNtCs3oCotP8OZr6_5synod3cli7inspect15summarize_traceReEsj_0B8_
FN:247,_RNCINvNtNtCs3oCotP8OZr6_5synod3cli7inspect15summarize_traceReEsk_0B8_
FN:253,_RNCINvNtNtCs3oCotP8OZr6_5synod3cli7inspect15summarize_traceReEsl_0B8_
FN:254,_RNCINvNtNtCs3oCotP8OZr6_5synod3cli7inspect15summarize_traceReEsm_0B8_
FN:260,_RNCINvNtNtCs3oCotP8OZr6_5synod3cli7inspect15summarize_traceReEsn_0B8_
FN:261,_RNCINvNtNtCs3oCotP8OZr6_5synod3cli7inspect15summarize_traceReEso_0B8_
FN:267,_RNCINvNtNtCs3oCotP8OZr6_5synod3cli7inspect15summarize_traceReEsp_0B8_
FN:268,_RNCINvNtNtCs3oCotP8OZr6_5synod3cli7inspect15summarize_traceReEsq_0B8_
FN:276,_RNCINvNtNtCs3oCotP8OZr6_5synod3cli7inspect15summarize_traceReEsr_0B8_
FN:326,_RNCINvNtNtCs3oCotP8OZr6_5synod3cli7inspect15summarize_traceReEss_0B8_
FN:327,_RNCINvNtNtCs3oCotP8OZr6_5synod3cli7inspect15summarize_traceReEst_0B8_
FN:351,_RNCINvNtNtCs3oCotP8OZr6_5synod3cli7inspect15summarize_traceReEsu_0B8_
FN:361,_RNCINvNtNtCs3oCotP8OZr6_5synod3cli7inspect15summarize_traceReEsv_0B8_
FN:389,_RNCINvNtNtCs3oCotP8OZr6_5synod3cli7inspect15summarize_traceReEsw_0B8_
FN:442,_RNCINvNtNtCs3oCotP8OZr6_5synod3cli7inspect15summarize_traceReEsx_0B8_
FN:447,_RNCINvNtNtCs3oCotP8OZr6_5synod3cli7inspect15summarize_traceReEsy_0B8_
FN:455,_RNCINvNtNtCs3oCotP8OZr6_5synod3cli7inspect15summarize_traceReEsz_0B8_
FN:174,_RNCNCINvNtNtCs3oCotP8OZr6_5synod3cli7inspect15summarize_traceRNtNtCsg55jX0GwzBC_3std4path7PathBufEs2_00Ba_
FN:188,_RNCNCINvNtNtCs3oCotP8OZr6_5synod3cli7inspect15summarize_traceRNtNtCsg55jX0GwzBC_3std4path7PathBufEs5_00Ba_
FN:216,_RNCNCINvNtNtCs3oCotP8OZr6_5synod3cli7inspect15summarize_traceRNtNtCsg55jX0GwzBC_3std4path7PathBufEsc_00Ba_
FN:174,_RNCNCINvNtNtCs3oCotP8OZr6_5synod3cli7inspect15summarize_traceReEs2_00Ba_
FN:188,_RNCNCINvNtNtCs3oCotP8OZr6_5synod3cli7inspect15summarize_traceReEs5_00Ba_
FN:216,_RNCNCINvNtNtCs3oCotP8OZr6_5synod3cli7inspect15summarize_traceReEsc_00Ba_
FN:745,_RNCNCNvNtNtCs3oCotP8OZr6_5synod3cli7inspect20review_timeline_lines4_00B9_
FN:762,_RNCNCNvNtNtCs3oCotP8OZr6_5synod3cli7inspect20review_timeline_lines8_00B9_
FN:763,_RNCNCNvNtNtCs3oCotP8OZr6_5synod3cli7inspect20review_timeline_lines8_0s_0B9_
FN:986,_RNCNCNvNtNtCs3oCotP8OZr6_5synod3cli7inspect23adaptive_evidence_liness_00B9_
FN:804,_RNCNCNvNtNtCs3oCotP8OZr6_5synod3cli7inspect24governance_timeline_lines0_00B9_
FN:805,_RNCNCNvNtNtCs3oCotP8OZr6_5synod3cli7inspect24governance_timeline_lines0_0s_0B9_
FN:977,_RNCNCNvNtNtCs3oCotP8OZr6_5synod3cli7inspect25adaptive_selection_reasons_00B9_
FN:637,_RNCNCNvNtNtCs3oCotP8OZr6_5synod3cli7inspect25decision_failure_evidences1_00B9_
FN:638,_RNCNCNvNtNtCs3oCotP8OZr6_5synod3cli7inspect25decision_failure_evidences1_0s_0B9_
FN:665,_RNCNvNtNtCs3oCotP8OZr6_5synod3cli7inspect10load_trace0B7_
FN:77,_RNCNvNtNtCs3oCotP8OZr6_5synod3cli7inspect12render_error0B7_
FN:78,_RNCNvNtNtCs3oCotP8OZr6_5synod3cli7inspect12render_errors_0B7_
FN:855,_RNCNvNtNtCs3oCotP8OZr6_5synod3cli7inspect13reviewer_line0B7_
FN:861,_RNCNvNtNtCs3oCotP8OZr6_5synod3cli7inspect13reviewer_lines0_0B7_
FN:862,_RNCNvNtNtCs3oCotP8OZr6_5synod3cli7inspect13reviewer_lines1_0B7_
FN:871,_RNCNvNtNtCs3oCotP8OZr6_5synod3cli7inspect13reviewer_lines2_0B7_
FN:872,_RNCNvNtNtCs3oCotP8OZr6_5synod3cli7inspect13reviewer_lines3_0B7_
FN:859,_RNCNvNtNtCs3oCotP8OZr6_5synod3cli7inspect13reviewer_lines_0B7_
FN:942,_RNCNvNtNtCs3oCotP8OZr6_5synod3cli7inspect16failure_headline0B7_
FN:951,_RNCNvNtNtCs3oCotP8OZr6_5synod3cli7inspect16failure_headlines0_0B7_
FN:954,_RNCNvNtNtCs3oCotP8OZr6_5synod3cli7inspect16failure_headlines1_0B7_
FN:955,_RNCNvNtNtCs3oCotP8OZr6_5synod3cli7inspect16failure_headlines2_0B7_
FN:957,_RNCNvNtNtCs3oCotP8OZr6_5synod3cli7inspect16failure_headlines3_0B7_
FN:962,_RNCNvNtNtCs3oCotP8OZr6_5synod3cli7inspect16failure_headlines4_0B7_
FN:943,_RNCNvNtNtCs3oCotP8OZr6_5synod3cli7inspect16failure_headlines_0B7_
FN:890,_RNCNvNtNtCs3oCotP8OZr6_5synod3cli7inspect16success_headline0B7_
FN:892,_RNCNvNtNtCs3oCotP8OZr6_5synod3cli7inspect16success_headlines0_0B7_
FN:895,_RNCNvNtNtCs3oCotP8OZr6_5synod3cli7inspect16success_headlines1_0B7_
FN:896,_RNCNvNtNtCs3oCotP8OZr6_5synod3cli7inspect16success_headlines2_0B7_
FN:902,_RNCNvNtNtCs3oCotP8OZr6_5synod3cli7inspect16success_headlines3_0B7_
FN:903,_RNCNvNtNtCs3oCotP8OZr6_5synod3cli7inspect16success_headlines4_0B7_
FN:904,_RNCNvNtNtCs3oCotP8OZr6_5synod3cli7inspect16success_headlines5_0B7_
FN:906,_RNCNvNtNtCs3oCotP8OZr6_5synod3cli7inspect16success_headlines6_0B7_
FN:908,_RNCNvNtNtCs3oCotP8OZr6_5synod3cli7inspect16success_headlines7_0B7_
FN:909,_RNCNvNtNtCs3oCotP8OZr6_5synod3cli7inspect16success_headlines8_0B7_
FN:915,_RNCNvNtNtCs3oCotP8OZr6_5synod3cli7inspect16success_headlines9_0B7_
FN:891,_RNCNvNtNtCs3oCotP8OZr6_5synod3cli7inspect16success_headlines_0B7_
FN:916,_RNCNvNtNtCs3oCotP8OZr6_5synod3cli7inspect16success_headlinesa_0B7_
FN:919,_RNCNvNtNtCs3oCotP8OZr6_5synod3cli7inspect16success_headlinesb_0B7_
FN:925,_RNCNvNtNtCs3oCotP8OZr6_5synod3cli7inspect16success_headlinesc_0B7_
FN:927,_RNCNvNtNtCs3oCotP8OZr6_5synod3cli7inspect16success_headlinesd_0B7_
FN:929,_RNCNvNtNtCs3oCotP8OZr6_5synod3cli7inspect16success_headlinese_0B7_
FN:733,_RNCNvNtNtCs3oCotP8OZr6_5synod3cli7inspect20review_timeline_line0B7_
FN:737,_RNCNvNtNtCs3oCotP8OZr6_5synod3cli7inspect20review_timeline_lines0_0B7_
FN:738,_RNCNvNtNtCs3oCotP8OZr6_5synod3cli7inspect20review_timeline_lines1_0B7_
FN:742,_RNCNvNtNtCs3oCotP8OZr6_5synod3cli7inspect20review_timeline_lines2_0B7_
FN:743,_RNCNvNtNtCs3oCotP8OZr6_5synod3cli7inspect20review_timeline_lines3_0B7_
FN:744,_RNCNvNtNtCs3oCotP8OZr6_5synod3cli7inspect20review_timeline_lines4_0B7_
FN:753,_RNCNvNtNtCs3oCotP8OZr6_5synod3cli7inspect20review_timeline_lines5_0B7_
FN:757,_RNCNvNtNtCs3oCotP8OZr6_5synod3cli7inspect20review_timeline_lines6_0B7_
FN:758,_RNCNvNtNtCs3oCotP8OZr6_5synod3cli7inspect20review_timeline_lines7_0B7_
FN:759,_RNCNvNtNtCs3oCotP8OZr6_5synod3cli7inspect20review_timeline_lines8_0B7_
FN:734,_RNCNvNtNtCs3oCotP8OZr6_5synod3cli7inspect20review_timeline_lines_0B7_
FN:985,_RNCNvNtNtCs3oCotP8OZr6_5synod3cli7inspect23adaptive_evidence_lines0B7_
FN:991,_RNCNvNtNtCs3oCotP8OZr6_5synod3cli7inspect23adaptive_evidence_liness0_0B7_
FN:996,_RNCNvNtNtCs3oCotP8OZr6_5synod3cli7inspect23adaptive_evidence_liness1_0B7_
FN:1001,_RNCNvNtNtCs3oCotP8OZr6_5synod3cli7inspect23adaptive_evidence_liness2_0B7_
FN:1006,_RNCNvNtNtCs3oCotP8OZr6_5synod3cli7inspect23adaptive_evidence_liness3_0B7_
FN:1007,_RNCNvNtNtCs3oCotP8OZr6_5synod3cli7inspect23adaptive_evidence_liness4_0B7_
FN:1014,_RNCNvNtNtCs3oCotP8OZr6_5synod3cli7inspect23adaptive_evidence_liness5_0B7_
FN:1015,_RNCNvNtNtCs3oCotP8OZr6_5synod3cli7inspect23adaptive_evidence_liness6_0B7_
FN:985,_RNCNvNtNtCs3oCotP8OZr6_5synod3cli7inspect23adaptive_evidence_liness_0B7_
FN:576,_RNCNvNtNtCs3oCotP8OZr6_5synod3cli7inspect23decision_timeline_lines0B7_
FN:583,_RNCNvNtNtCs3oCotP8OZr6_5synod3cli7inspect23decision_timeline_liness0_0B7_
FN:587,_RNCNvNtNtCs3oCotP8OZr6_5synod3cli7inspect23decision_timeline_liness1_0B7_
FN:591,_RNCNvNtNtCs3oCotP8OZr6_5synod3cli7inspect23decision_timeline_liness2_0B7_
FN:595,_RNCNvNtNtCs3oCotP8OZr6_5synod3cli7inspect23decision_timeline_liness3_0B7_
FN:614,_RNCNvNtNtCs3oCotP8OZr6_5synod3cli7inspect23decision_timeline_liness4_0B7_
FN:581,_RNCNvNtNtCs3oCotP8OZr6_5synod3cli7inspect23decision_timeline_liness_0B7_
FN:799,_RNCNvNtNtCs3oCotP8OZr6_5synod3cli7inspect24governance_timeline_line0B7_
FN:801,_RNCNvNtNtCs3oCotP8OZr6_5synod3cli7inspect24governance_timeline_lines0_0B7_
FN:776,_RNCNvNtNtCs3oCotP8OZr6_5synod3cli7inspect24governance_timeline_lines1_0B7_
FN:779,_RNCNvNtNtCs3oCotP8OZr6_5synod3cli7inspect24governance_timeline_lines2_0B7_
FN:784,_RNCNvNtNtCs3oCotP8OZr6_5synod3cli7inspect24governance_timeline_lines3_0B7_
FN:787,_RNCNvNtNtCs3oCotP8OZr6_5synod3cli7inspect24governance_timeline_lines4_0B7_
FN:788,_RNCNvNtNtCs3oCotP8OZr6_5synod3cli7inspect24governance_timeline_lines5_0B7_
FN:792,_RNCNvNtNtCs3oCotP8OZr6_5synod3cli7inspect24governance_timeline_lines6_0B7_
FN:793,_RNCNvNtNtCs3oCotP8OZr6_5synod3cli7inspect24governance_timeline_lines7_0B7_
FN:809,_RNCNvNtNtCs3oCotP8OZr6_5synod3cli7inspect24governance_timeline_lines8_0B7_
FN:810,_RNCNvNtNtCs3oCotP8OZr6_5synod3cli7inspect24governance_timeline_lines9_0B7_
FN:800,_RNCNvNtNtCs3oCotP8OZr6_5synod3cli7inspect24governance_timeline_lines_0B7_
FN:813,_RNCNvNtNtCs3oCotP8OZr6_5synod3cli7inspect24governance_timeline_linesa_0B7_
FN:814,_RNCNvNtNtCs3oCotP8OZr6_5synod3cli7inspect24governance_timeline_linesb_0B7_
FN:822,_RNCNvNtNtCs3oCotP8OZr6_5synod3cli7inspect24governance_timeline_linesc_0B7_
FN:826,_RNCNvNtNtCs3oCotP8OZr6_5synod3cli7inspect24governance_timeline_linesd_0B7_
FN:827,_RNCNvNtNtCs3oCotP8OZr6_5synod3cli7inspect24governance_timeline_linese_0B7_
FN:833,_RNCNvNtNtCs3oCotP8OZr6_5synod3cli7inspect24governance_timeline_linesf_0B7_
FN:838,_RNCNvNtNtCs3oCotP8OZr6_5synod3cli7inspect24governance_timeline_linesg_0B7_
FN:976,_RNCNvNtNtCs3oCotP8OZr6_5synod3cli7inspect25adaptive_selection_reason0B7_
FN:978,_RNCNvNtNtCs3oCotP8OZr6_5synod3cli7inspect25adaptive_selection_reasons0_0B7_
FN:979,_RNCNvNtNtCs3oCotP8OZr6_5synod3cli7inspect25adaptive_selection_reasons1_0B7_
FN:977,_RNCNvNtNtCs3oCotP8OZr6_5synod3cli7inspect25adaptive_selection_reasons_0B7_
FN:627,_RNCNvNtNtCs3oCotP8OZr6_5synod3cli7inspect25decision_failure_evidence0B7_
FN:633,_RNCNvNtNtCs3oCotP8OZr6_5synod3cli7inspect25decision_failure_evidences0_0B7_
FN:634,_RNCNvNtNtCs3oCotP8OZr6_5synod3cli7inspect25decision_failure_evidences1_0B7_
FN:632,_RNCNvNtNtCs3oCotP8OZr6_5synod3cli7inspect25decision_failure_evidences_0B7_
FN:847,_RNCNvNtNtCs3oCotP8OZr6_5synod3cli7inspect35governance_packet_provenance_suffix0B7_
[...]
DA:3035,8
DA:3036,8
DA:3037,8
DA:3038,8
DA:3039,8
DA:3040,8
DA:3042,8
DA:3043,8
DA:3044,8
DA:3046,8
DA:3047,8
DA:3048,8
DA:3049,8
DA:3050,8
DA:3051,8
DA:3052,8
DA:3053,8
DA:3054,8
DA:3055,8
DA:3057,7
DA:3058,7
DA:3059,7
DA:3060,7
DA:3062,4
DA:3063,4
DA:3064,4
DA:3065,4
DA:3066,4
DA:3067,4
DA:3070,4
DA:3072,6
DA:3073,6
DA:3074,6
DA:3075,6
DA:3076,6
DA:3077,6
DA:3078,6
DA:3079,6
DA:3080,6
DA:3081,6
DA:3082,6
DA:3083,6
DA:3084,6
DA:3085,6
DA:3086,6
DA:3087,6
DA:3088,6
DA:3089,6
DA:3090,6
DA:3091,6
DA:3093,2
DA:3094,2
DA:3095,2
DA:3096,2
DA:3097,2
DA:3098,2
DA:3099,2
DA:3101,2
DA:3102,2
DA:3103,2
DA:3104,2
DA:3105,2
DA:3107,2
DA:3109,2
DA:3110,2
DA:3112,2
DA:3113,2
DA:3114,2
DA:3115,2
DA:3116,2
DA:3117,2
DA:3118,2
DA:3119,2
DA:3120,2
DA:3121,2
DA:3122,2
DA:3123,2
DA:3124,2
DA:3125,2
DA:3126,2
DA:3127,2
DA:3128,2
DA:3129,2
DA:3130,2
DA:3131,2
DA:3132,2
DA:3133,2
DA:3134,2
DA:3135,2
DA:3136,2
DA:3137,2
DA:3138,2
DA:3139,2
DA:3140,2
DA:3141,2
DA:3142,2
DA:3143,2
DA:3145,17
DA:3146,17
DA:3147,17
DA:3149,16
DA:3150,16
DA:3151,16
DA:3152,16
DA:3153,16
DA:3154,16
DA:3155,16
DA:3156,16
DA:3157,16
DA:3158,16
DA:3159,16
DA:3161,1
DA:3162,1
DA:3164,1
DA:3165,1
DA:3166,1
DA:3167,1
DA:3168,1
DA:3169,1
DA:3170,1
DA:3172,1
DA:3173,1
DA:3174,1
DA:3175,1
DA:3176,1
DA:3177,1
DA:3178,1
DA:3179,1
DA:3180,1
DA:3182,2
DA:3183,2
DA:3184,2
DA:3185,2
DA:3186,2
DA:3187,2
DA:3188,2
DA:3189,2
DA:3190,2
DA:3192,2
DA:3194,2
DA:3195,2
DA:3196,2
DA:3197,2
DA:3200,1
DA:3201,1
DA:3202,1
DA:3203,1
DA:3205,1
DA:3206,1
DA:3207,1
DA:3208,1
DA:3209,1
DA:3210,1
DA:3211,1
DA:3215,1
DA:3217,1
DA:3218,1
DA:3219,1
DA:3220,1
DA:3221,1
DA:3222,1
DA:3223,1
DA:3224,1
DA:3229,1
DA:3230,1
DA:3231,1
DA:3232,1
DA:3233,1
DA:3234,1
DA:3235,1
DA:3239,1
DA:3240,1
DA:3242,1
DA:3243,1
DA:3244,1
DA:3245,1
DA:3246,1
DA:3247,1
DA:3251,1
DA:3252,1
DA:3256,1
DA:3259,1
DA:3260,1
DA:3262,1
DA:3263,1
DA:3264,1
DA:3265,1
DA:3267,1
DA:3268,1
DA:3269,1
DA:3271,1
DA:3272,1
DA:3273,1
DA:3275,1
DA:3276,1
DA:3277,1
DA:3278,1
DA:3279,1
DA:3281,1
DA:3282,1
DA:3283,1
DA:3285,1
DA:3286,1
DA:3287,1
DA:3289,1
DA:3290,1
DA:3291,1
DA:3292,1
DA:3293,1
DA:3294,1
DA:3296,1
DA:3299,1
DA:3300,1
DA:3301,1
DA:3302,1
DA:3303,1
DA:3304,1
DA:3305,1
DA:3306,1
DA:3307,1
DA:3308,1
DA:3309,1
DA:3313,1
DA:3315,1
DA:3316,1
DA:3317,1
DA:3318,1
DA:3319,1
DA:3320,1
DA:3321,1
DA:3322,1
DA:3323,1
DA:3324,1
DA:3325,1
DA:3326,1
DA:3327,1
DA:3328,1
DA:3329,1
DA:3330,1
DA:3331,1
DA:3332,1
DA:3333,1
DA:3334,1
DA:3335,1
DA:3337,1
DA:3338,1
DA:3339,1
DA:3340,1
DA:3341,1
DA:3343,1
DA:3344,1
DA:3345,1
DA:3346,1
DA:3348,1
DA:3349,1
DA:3350,1
DA:3351,1
DA:3352,1
DA:3353,1
DA:3354,1
DA:3355,1
DA:3356,1
DA:3357,1
DA:3358,1
DA:3359,1
DA:3360,1
DA:3362,1
DA:3363,1
DA:3364,1
DA:3365,1
DA:3366,1
DA:3368,1
DA:3369,1
DA:3370,1
DA:3371,1
DA:3372,1
DA:3375,1
DA:3376,1
DA:3377,1
DA:3378,1
DA:3379,1
DA:3380,1
DA:3381,1
DA:3382,1
DA:3383,1
DA:3384,1
DA:3385,1
DA:3386,1
DA:3387,1
DA:3388,1
DA:3389,1
DA:3390,1
DA:3391,1
DA:3392,1
DA:3393,1
DA:3394,1
DA:3395,1
DA:3396,1
DA:3397,1
DA:3398,1
DA:3399,1
DA:3400,1
DA:3401,1
DA:3402,1
DA:3403,1
DA:3404,1
DA:3405,1
DA:3406,1
DA:3408,1
DA:3409,1
DA:3410,1
DA:3411,1
DA:3412,1
DA:3414,1
DA:3415,1
DA:3416,1
DA:3417,1
DA:3418,1
DA:3419,1
DA:3420,1
DA:3421,1
DA:3422,1
DA:3423,1
DA:3425,1
DA:3428,1
DA:3429,1
DA:3430,1
DA:3431,1
DA:3432,1
DA:3433,1
DA:3436,1
DA:3437,1
DA:3438,1
DA:3441,1
DA:3442,1
DA:3443,1
DA:3446,1
DA:3448,1
DA:3449,1
DA:3450,1
DA:3452,1
DA:3453,1
DA:3454,1
DA:3456,1
DA:3457,1
DA:3458,1
DA:3459,1
DA:3460,1
DA:3463,1
DA:3464,1
DA:3465,1
DA:3466,1
DA:3467,1
DA:3468,1
DA:3471,1
DA:3472,1
DA:3473,1
DA:3474,1
DA:3475,1
DA:3478,1
DA:3479,1
DA:3480,1
DA:3481,1
DA:3482,1
DA:3485,1
DA:3486,1
DA:3487,1
DA:3488,1
DA:3489,1
DA:3490,1
DA:3492,1
DA:3493,1
DA:3494,1
DA:3495,1
DA:3496,1
DA:3497,1
DA:3498,1
DA:3499,1
DA:3501,1
DA:3502,1
DA:3503,1
DA:3504,1
DA:3505,1
DA:3506,1
DA:3508,1
DA:3509,1
DA:3510,1
DA:3511,1
DA:3514,1
DA:3516,1
DA:3517,1
DA:3518,1
DA:3519,1
DA:3521,1
DA:3522,1
DA:3523,1
DA:3525,1
DA:3526,1
DA:3527,1
DA:3528,1
DA:3530,1
DA:3531,1
DA:3532,1
DA:3533,1
DA:3535,1
DA:3536,1
DA:3537,1
DA:3538,1
DA:3539,1
DA:3540,1
DA:3541,1
DA:3542,1
DA:3543,1
DA:3544,1
DA:3545,1
DA:3546,1
DA:3548,1
DA:3549,1
DA:3550,1
DA:3551,1
DA:3553,1
DA:3554,1
DA:3555,1
DA:3556,1
DA:3558,1
DA:3559,1
DA:3560,1
DA:3561,1
DA:3564,1
DA:3565,1
DA:3566,1
DA:3567,1
DA:3569,1
DA:3570,1
DA:3571,1
DA:3572,1
DA:3573,1
DA:3574,1
DA:3576,1
DA:3577,1
DA:3578,1
DA:3581,1
DA:3582,1
DA:3583,1
DA:3584,1
DA:3585,1
DA:3586,1
DA:3587,1
DA:3588,1
DA:3589,1
DA:3590,1
DA:3591,1
DA:3593,1
DA:3594,1
DA:3595,1
DA:3596,1
DA:3597,1
DA:3599,1
DA:3600,1
DA:3601,1
DA:3602,1
DA:3605,1
DA:3606,1
DA:3607,1
DA:3608,1
DA:3609,1
DA:3612,1
DA:3613,1
DA:3616,1
DA:3617,1
DA:3620,1
DA:3621,1
DA:3624,1
DA:3625,1
DA:3628,1
DA:3629,1
DA:3630,1
DA:3631,1
DA:3632,1
DA:3633,1
DA:3636,1
DA:3637,1
DA:3638,1
DA:3641,1
DA:3642,1
DA:3643,1
DA:3644,1
DA:3646,1
DA:3647,1
DA:3648,1
DA:3649,1
DA:3650,1
DA:3652,1
DA:3653,1
DA:3654,1
DA:3655,1
DA:3657,1
DA:3659,1
DA:3660,1
DA:3661,1
DA:3662,1
DA:3664,1
DA:3665,1
DA:3666,1
DA:3667,1
DA:3669,1
DA:3671,1
DA:3672,1
DA:3673,1
DA:3675,1
DA:3676,1
DA:3678,1
DA:3680,1
DA:3681,1
DA:3682,1
DA:3684,1
DA:3685,1
DA:3687,1
DA:3689,1
DA:3690,1
DA:3691,1
DA:3692,1
DA:3693,1
DA:3694,1
DA:3696,1
DA:3697,1
DA:3699,1
DA:3700,1
DA:3701,1
DA:3703,1
DA:3704,1
DA:3705,1
DA:3708,1
DA:3709,1
DA:3710,1
DA:3711,1
DA:3712,1
DA:3713,1
DA:3714,1
DA:3715,1
DA:3716,1
DA:3717,1
DA:3718,1
DA:3719,1
DA:3720,1
DA:3722,1
DA:3724,1
DA:3725,1
DA:3728,1
DA:3730,1
DA:3731,1
DA:3734,1
DA:3736,1
DA:3737,1
DA:3738,1
DA:3740,1
DA:3741,1
DA:3743,1
DA:3744,1
DA:3745,1
DA:3746,1
DA:3747,1
DA:3748,1
DA:3749,1
DA:3750,1
DA:3751,1
DA:3752,1
DA:3753,1
DA:3754,1
DA:3755,1
DA:3756,1
DA:3757,1
DA:3758,1
DA:3759,1
DA:3760,1
DA:3761,1
DA:3763,1
DA:3764,1
DA:3765,1
DA:3767,1
DA:3768,1
DA:3770,1
DA:3771,1
DA:3772,1
DA:3773,1
DA:3775,1
DA:3776,1
DA:3777,1
DA:3778,1
DA:3782,1
DA:3783,1
DA:3784,1
DA:3785,1
DA:3786,1
DA:3788,1
DA:3790,1
DA:3791,1
DA:3794,1
DA:3795,1
DA:3796,1
DA:3797,1
DA:3798,1
DA:3799,1
DA:3800,1
DA:3801,1
DA:3802,1
DA:3803,1
DA:3804,1
DA:3805,1
DA:3806,1
DA:3807,1
DA:3808,1
DA:3809,1
DA:3810,1
DA:3811,1
DA:3812,1
DA:3813,1
DA:3814,1
DA:3815,1
DA:3816,1
DA:3817,1
DA:3820,1
DA:3822,1
DA:3823,1
DA:3824,1
DA:3826,1
DA:3827,1
DA:3828,1
DA:3829,1
DA:3833,1
DA:3834,1
DA:3835,1
DA:3837,1
DA:3838,1
DA:3839,1
DA:3841,1
DA:3842,1
DA:3843,1
DA:3845,1
DA:3846,1
DA:3847,1
DA:3848,1
DA:3851,1
DA:3852,1
DA:3853,1
DA:3854,1
DA:3855,1
DA:3856,1
DA:3857,1
DA:3858,1
DA:3859,1
DA:3860,1
DA:3861,1
DA:3862,1
DA:3863,1
DA:3864,1
DA:3865,1
DA:3866,1
DA:3867,1
DA:3868,1
DA:3869,1
DA:3870,1
DA:3871,1
DA:3872,1
DA:3873,1
DA:3874,1
DA:3875,1
DA:3876,1
DA:3877,1
DA:3878,1
DA:3879,1
DA:3880,1
DA:3881,1
DA:3882,1
DA:3883,1
DA:3884,1
DA:3885,1
DA:3886,1
DA:3887,1
DA:3889,1
DA:3890,1
DA:3891,1
DA:3892,1
DA:3893,1
DA:3894,1
DA:3895,1
DA:3896,1
DA:3897,1
DA:3898,1
DA:3899,1
DA:3900,1
DA:3901,1
DA:3902,1
DA:3903,1
DA:3904,1
DA:3905,1
DA:3906,1
DA:3907,1
DA:3909,1
DA:3910,1
DA:3911,1
DA:3912,1
DA:3913,1
DA:3915,1
DA:3916,1
DA:3917,1
DA:3918,1
DA:3919,1
DA:3920,1
DA:3921,1
DA:3922,1
DA:3923,1
DA:3925,1
DA:3926,1
DA:3927,1
DA:3928,1
DA:3929,1
DA:3930,3
DA:3934,1
DA:3935,1
DA:3936,1
DA:3937,1
DA:3938,5
DA:3942,1
DA:3945,1
DA:3946,1
DA:3947,1
DA:3948,1
DA:3949,1
DA:3950,1
DA:3951,1
DA:3952,1
DA:3953,1
DA:3954,1
DA:3955,1
DA:3956,1
DA:3957,1
DA:3958,1
DA:3959,1
DA:3960,1
DA:3961,1
DA:3962,1
DA:3963,1
DA:3964,1
DA:3965,1
DA:3966,1
DA:3967,1
DA:3968,1
DA:3969,1
DA:3970,1
DA:3971,1
DA:3972,1
DA:3973,1
DA:3974,1
DA:3975,1
DA:3976,1
DA:3977,1
DA:3978,1
DA:3979,1
DA:3980,1
DA:3981,1
DA:3983,1
DA:3984,1
DA:3985,1
DA:3986,1
DA:3987,1
DA:3988,1
DA:3989,1
DA:3990,1
DA:3991,1
DA:3992,1
DA:3993,1
DA:3994,1
DA:3995,1
DA:3996,1
DA:3997,1
DA:3998,1
DA:3999,1
DA:4000,1
DA:4001,1
DA:4003,1
DA:4004,1
DA:4005,1
DA:4006,1
DA:4007,1
DA:4009,1
DA:4010,1
DA:4011,1
DA:4012,1
DA:4013,1
DA:4014,1
DA:4015,1
DA:4016,1
DA:4017,1
DA:4018,1
DA:4019,1
DA:4020,1
DA:4021,1
DA:4022,1
DA:4023,1
DA:4025,1
DA:4026,1
DA:4028,1
DA:4029,1
DA:4030,1
DA:4031,1
DA:4032,1
DA:4033,4
DA:4037,1
DA:4040,1
DA:4041,1
DA:4042,1
DA:4043,1
DA:4044,1
DA:4045,1
DA:4046,1
DA:4047,1
DA:4048,1
DA:4049,1
DA:4050,1
DA:4051,1
DA:4052,1
DA:4053,1
DA:4054,1
DA:4055,1
DA:4056,1
DA:4057,1
DA:4058,1
DA:4059,1
DA:4060,1
DA:4062,1
DA:4063,1
DA:4065,1
DA:4066,1
DA:4067,1
DA:4068,1
DA:4069,1
DA:4071,1
DA:4072,1
DA:4073,1
DA:4074,1
DA:4075,1
DA:4076,1
DA:4077,1
DA:4080,1
DA:4081,1
DA:4082,1
DA:4083,1
DA:4084,1
DA:4085,1
DA:4086,1
DA:4087,1
DA:4088,1
DA:4089,1
DA:4090,1
DA:4091,1
DA:4092,1
DA:4093,1
DA:4094,1
DA:4095,1
DA:4096,1
DA:4097,1
DA:4098,1
DA:4099,1
DA:4100,1
DA:4102,1
DA:4103,1
DA:4105,1
DA:4106,1
DA:4107,1
DA:4108,1
DA:4109,1
DA:4112,1
DA:4113,1
DA:4114,1
DA:4115,1
DA:4116,1
DA:4117,1
DA:4120,1
DA:4121,1
DA:4122,1
DA:4125,1
DA:4126,1
DA:4127,1
DA:4130,1
DA:4132,1
DA:4133,1
DA:4134,1
DA:4135,1
DA:4136,1
DA:4137,1
DA:4138,1
DA:4139,1
DA:4140,1
DA:4141,1
DA:4142,1
DA:4143,1
DA:4144,1
DA:4145,1
DA:4146,1
DA:4147,1
DA:4148,1
DA:4149,1
DA:4150,1
DA:4152,1
DA:4153,1
DA:4154,1
DA:4156,1
DA:4157,1
DA:4158,1
DA:4159,1
DA:4161,1
DA:4162,1
DA:4163,1
DA:4164,1
DA:4165,1
DA:4166,2
DA:4170,1
DA:4173,1
DA:4174,1
DA:4175,1
DA:4176,1
DA:4177,1
DA:4178,1
DA:4179,1
DA:4180,1
DA:4181,1
DA:4182,1
DA:4183,1
DA:4184,1
DA:4185,1
DA:4186,1
DA:4187,1
DA:4188,1
DA:4189,1
DA:4190,1
DA:4191,1
DA:4192,1
DA:4193,1
DA:4194,1
DA:4196,1
DA:4197,1
DA:4198,1
DA:4199,1
DA:4200,1
DA:4201,1
DA:4202,1
DA:4203,1
DA:4204,1
DA:4205,1
DA:4206,1
DA:4207,1
DA:4208,1
DA:4209,1
DA:4210,1
DA:4212,1
DA:4214,1
DA:4216,1
DA:4217,1
DA:4218,1
DA:4219,1
DA:4222,1
DA:4223,1
DA:4227,1
DA:4228,1
DA:4229,1
DA:4231,1
DA:4232,1
DA:4233,1
DA:4234,1
DA:4235,1
DA:4236,1
DA:4237,1
DA:4238,1
DA:4239,1
DA:4240,1
DA:4241,1
DA:4242,1
DA:4243,1
DA:4244,1
DA:4245,2
DA:4246,2
DA:4247,1
DA:4248,2
DA:4249,1
DA:4252,1
DA:4253,1
DA:4254,1
DA:4255,1
DA:4256,1
DA:4257,1
DA:4258,1
DA:4261,1
DA:4262,1
DA:4263,1
DA:4266,1
DA:4267,1
DA:4268,1
DA:4271,1
DA:4272,1
DA:4273,1
DA:4276,1
DA:4277,1
DA:4278,1
DA:4281,1
DA:4282,1
DA:4283,1
DA:4284,1
DA:4285,1
DA:4286,1
DA:4287,1
DA:4288,1
DA:4289,1
DA:4290,1
DA:4291,1
DA:4292,1
DA:4293,1
DA:4294,1
DA:4295,1
DA:4296,1
DA:4297,1
DA:4298,1
DA:4299,1
DA:4300,1
DA:4301,1
DA:4302,1
DA:4303,1
DA:4304,1
DA:4305,1
DA:4306,1
DA:4307,1
DA:4308,1
DA:4309,1
DA:4310,1
DA:4311,1
DA:4312,1
DA:4313,1
DA:4314,1
DA:4315,1
DA:4316,1
DA:4317,1
DA:4318,1
DA:4319,1
DA:4320,1
DA:4321,1
DA:4322,1
DA:4323,1
DA:4324,1
DA:4325,1
DA:4326,1
DA:4327,1
DA:4328,1
DA:4329,1
DA:4330,1
DA:4331,1
DA:4332,1
DA:4333,1
DA:4334,1
DA:4335,1
DA:4336,1
DA:4338,1
DA:4340,1
DA:4341,1
DA:4342,1
DA:4343,1
DA:4344,1
DA:4345,1
DA:4346,1
DA:4347,1
DA:4348,1
DA:4349,1
DA:4350,1
DA:4351,1
DA:4352,1
DA:4353,1
DA:4354,1
DA:4355,1
DA:4356,1
DA:4357,1
DA:4358,1
DA:4360,1
DA:4361,1
DA:4363,1
DA:4364,1
DA:4365,1
DA:4366,1
DA:4367,1
DA:4368,1
DA:4369,1
DA:4370,1
DA:4371,1
DA:4373,1
DA:4374,1
DA:4375,1
DA:4376,1
DA:4377,1
DA:4378,1
DA:4379,1
DA:4380,14
DA:4381,14
DA:4382,1
DA:4383,14
DA:4384,1
DA:4385,1
DA:4386,1
DA:4387,1
DA:4388,15
DA:4390,1
BRF:0
BRH:0
LF:3615
LH:3090
end_of_record
SF:/Users/rt/workspace/synod/src/orchestrator/terminal.rs
FN:12,_RNCNvNtNtCs3oCotP8OZr6_5synod12orchestrator8terminal25select_terminal_condition0B7_
FN:8,_RNvNtNtCs3oCotP8OZr6_5synod12orchestrator8terminal25select_terminal_condition
FN:15,_RNvNtNtCs3oCotP8OZr6_5synod12orchestrator8terminal25task_status_for_condition
FN:35,_RNvNtNtCs3oCotP8OZr6_5synod12orchestrator8terminal29build_planning_failure_reason
FN:27,_RINvNtNtCs3oCotP8OZr6_5synod12orchestrator8terminal21build_terminal_reasonNtNtCs1OjIl8oxbrv_5alloc6string6StringEB6_
FN:27,_RINvNtNtCs3oCotP8OZr6_5synod12orchestrator8terminal21build_terminal_reasonReEB6_
FNDA:0,_RNCNvNtNtCs3oCotP8OZr6_5synod12orchestrator8terminal25select_terminal_condition0B7_
FNDA:0,_RNvNtNtCs3oCotP8OZr6_5synod12orchestrator8terminal25select_terminal_condition
FNDA:20,_RNvNtNtCs3oCotP8OZr6_5synod12orchestrator8terminal25task_status_for_condition
FNDA:1,_RNvNtNtCs3oCotP8OZr6_5synod12orchestrator8terminal29build_planning_failure_reason
FNDA:21,_RINvNtNtCs3oCotP8OZr6_5synod12orchestrator8terminal21build_terminal_reasonNtNtCs1OjIl8oxbrv_5alloc6string6StringEB6_
FNDA:4,_RINvNtNtCs3oCotP8OZr6_5synod12orchestrator8terminal21build_terminal_reasonReEB6_
FNF:5
FNH:3
DA:8,0
DA:9,0
DA:10,0
DA:11,0
DA:12,0
DA:13,0
DA:15,20
DA:16,20
DA:17,8
DA:20,1
DA:23,11
DA:25,20
DA:27,25
DA:28,25
DA:29,25
DA:30,25
DA:31,25
DA:32,25
DA:33,25
DA:35,1
DA:36,1
DA:37,0
DA:38,0
DA:39,0
DA:40,0
DA:41,0
DA:42,0
DA:43,0
DA:45,0
DA:46,0
DA:48,0
DA:49,0
DA:50,0
DA:51,0
DA:53,1
DA:54,1
DA:56,1
DA:57,1
DA:58,1
DA:59,1
DA:62,1
BRF:0
BRH:0
LF:42
LH:22
end_of_record
SF:/Users/rt/workspace/synod/src/registry/agent_registry.rs
FN:25,_RINvMNtNtCs3oCotP8OZr6_5synod8registry14agent_registryNtB3_13AgentRegistry15register_sharedReEB7_
FN:18,_RINvMNtNtCs3oCotP8OZr6_5synod8registry14agent_registryNtB3_13AgentRegistry8registerINtNtNtB7_8adapters5agent14FnAgentAdapterNCNvMNtNtB7_12orchestrator15session_runtimeNtB23_14SessionRuntime25native_adapter_registries0EReEB7_
FN:18,_RINvMNtNtCs3oCotP8OZr6_5synod8registry14agent_registryNtB3_13AgentRegistry8registerINtNtNtB7_8adapters5agent14FnAgentAdapterNCNvMNtNtB7_12orchestrator15session_runtimeNtB23_14SessionRuntime25native_adapter_registriess0_0EReEB7_
FN:18,_RINvMNtNtCs3oCotP8OZr6_5synod8registry14agent_registryNtB3_13AgentRegistry8registerINtNtNtB7_8adapters5agent14FnAgentAdapterNCNvNtB7_7fixture30build_fixture_runtime_for_flows0_0EReEB7_
FN:18,_RINvMNtNtCs3oCotP8OZr6_5synod8registry14agent_registryNtB3_13AgentRegistry8registerINtNtNtB7_8adapters5agent14FnAgentAdapterNCNvNtB7_7fixture30build_fixture_runtime_for_flows1_0EReEB7_
FN:18,_RINvMNtNtCs3oCotP8OZr6_5synod8registry14agent_registryNtB3_13AgentRegistry8registerINtNtNtB7_8adapters5agent14FnAgentAdapterNCNvNtB7_7fixture30build_fixture_runtime_for_flows2_0EReEB7_
FN:18,_RINvMNtNtCs3oCotP8OZr6_5synod8registry14agent_registryNtB3_13AgentRegistry8registerINtNtNtB7_8adapters5agent14FnAgentAdapterNCNvNtNtNtB7_12orchestrator6engine5testss_59execute_step_dispatches_registered_agent_and_tool_endpoints0EReEB7_
FN:18,_RINvMNtNtCs3oCotP8OZr6_5synod8registry14agent_registryNtB3_13AgentRegistry8registerINtNtNtB7_8adapters5agent14FnAgentAdapterNCNvNtNtNtB7_12orchestrator6engine5testss_64run_normalizes_invalid_agent_results_into_unrecoverable_failures0EReEB7_
FN:39,_RNvMNtNtCs3oCotP8OZr6_5synod8registry14agent_registryNtB2_13AgentRegistry3get
FN:14,_RNvMNtNtCs3oCotP8OZr6_5synod8registry14agent_registryNtB2_13AgentRegistry3new
FNDA:94,_RINvMNtNtCs3oCotP8OZr6_5synod8registry14agent_registryNtB3_13AgentRegistry15register_sharedReEB7_
FNDA:4,_RINvMNtNtCs3oCotP8OZr6_5synod8registry14agent_registryNtB3_13AgentRegistry8registerINtNtNtB7_8adapters5agent14FnAgentAdapterNCNvMNtNtB7_12orchestrator15session_runtimeNtB23_14SessionRuntime25native_adapter_registries0EReEB7_
FNDA:4,_RINvMNtNtCs3oCotP8OZr6_5synod8registry14agent_registryNtB3_13AgentRegistry8registerINtNtNtB7_8adapters5agent14FnAgentAdapterNCNvMNtNtB7_12orchestrator15session_runtimeNtB23_14SessionRuntime25native_adapter_registriess0_0EReEB7_
FNDA:28,_RINvMNtNtCs3oCotP8OZr6_5synod8registry14agent_registryNtB3_13AgentRegistry8registerINtNtNtB7_8adapters5agent14FnAgentAdapterNCNvNtB7_7fixture30build_fixture_runtime_for_flows0_0EReEB7_
FNDA:28,_RINvMNtNtCs3oCotP8OZr6_5synod8registry14agent_registryNtB3_13AgentRegistry8registerINtNtNtB7_8adapters5agent14FnAgentAdapterNCNvNtB7_7fixture30build_fixture_runtime_for_flows1_0EReEB7_
FNDA:28,_RINvMNtNtCs3oCotP8OZr6_5synod8registry14agent_registryNtB3_13AgentRegistry8registerINtNtNtB7_8adapters5agent14FnAgentAdapterNCNvNtB7_7fixture30build_fixture_runtime_for_flows2_0EReEB7_
FNDA:1,_RINvMNtNtCs3oCotP8OZr6_5synod8registry14agent_registryNtB3_13AgentRegistry8registerINtNtNtB7_8adapters5agent14FnAgentAdapterNCNvNtNtNtB7_12orchestrator6engine5testss_59execute_step_dispatches_registered_agent_and_tool_endpoints0EReEB7_
FNDA:1,_RINvMNtNtCs3oCotP8OZr6_5synod8registry14agent_registryNtB3_13AgentRegistry8registerINtNtNtB7_8adapters5agent14FnAgentAdapterNCNvNtNtNtB7_12orchestrator6engine5testss_64run_normalizes_invalid_agent_results_into_unrecoverable_failures0EReEB7_
FNDA:29,_RNvMNtNtCs3oCotP8OZr6_5synod8registry14agent_registryNtB2_13AgentRegistry3get
FNDA:52,_RNvMNtNtCs3oCotP8OZr6_5synod8registry14agent_registryNtB2_13AgentRegistry3new
FNF:4
FNH:4
DA:14,52
DA:15,52
DA:16,52
DA:18,94
DA:19,94
DA:20,94
DA:22,94
DA:23,94
DA:25,94
DA:26,94
DA:27,94
DA:28,94
DA:29,94
DA:30,94
DA:31,94
DA:32,0
DA:33,94
DA:35,94
DA:36,94
DA:37,94
DA:39,29
DA:40,29
DA:41,29
BRF:0
BRH:0
LF:23
LH:22
end_of_record
SF:/Users/rt/workspace/synod/src/registry/tool_registry.rs
FN:39,_RNvMNtNtCs3oCotP8OZr6_5synod8registry13tool_registryNtB2_12ToolRegistry3get
FN:14,_RNvMNtNtCs3oCotP8OZr6_5synod8registry13tool_registryNtB2_12ToolRegistry3new
FN:25,_RINvMNtNtCs3oCotP8OZr6_5synod8registry13tool_registryNtB3_12ToolRegistry15register_sharedReEB7_
FN:18,_RINvMNtNtCs3oCotP8OZr6_5synod8registry13tool_registryNtB3_12ToolRegistry8registerINtNtNtB7_8adapters4tool13FnToolAdapterNCNvMNtNtB7_12orchestrator15session_runtimeNtB1Z_14SessionRuntime25native_adapter_registriess2_0EReEB7_
FN:18,_RINvMNtNtCs3oCotP8OZr6_5synod8registry13tool_registryNtB3_12ToolRegistry8registerINtNtNtB7_8adapters4tool13FnToolAdapterNCNvNtB7_7fixture30build_fixture_runtime_for_flows3_0EReEB7_
FN:18,_RINvMNtNtCs3oCotP8OZr6_5synod8registry13tool_registryNtB3_12ToolRegistry8registerINtNtNtB7_8adapters4tool13FnToolAdapterNCNvNtB7_7fixture30build_fixture_runtime_for_flows4_0EReEB7_
FN:18,_RINvMNtNtCs3oCotP8OZr6_5synod8registry13tool_registryNtB3_12ToolRegistry8registerINtNtNtB7_8adapters4tool13FnToolAdapterNCNvNtB7_7fixture30build_fixture_runtime_for_flows5_0EReEB7_
FN:18,_RINvMNtNtCs3oCotP8OZr6_5synod8registry13tool_registryNtB3_12ToolRegistry8registerINtNtNtB7_8adapters4tool13FnToolAdapterNCNvNtNtNtB7_12orchestrator6engine5testss_59execute_step_dispatches_registered_agent_and_tool_endpointss_0EReEB7_
FN:18,_RINvMNtNtCs3oCotP8OZr6_5synod8registry13tool_registryNtB3_12ToolRegistry8registerINtNtNtB7_8adapters4tool13FnToolAdapterNvNtNtB7_12orchestrator15session_runtime18native_replan_stepEReEB7_
FNDA:14,_RNvMNtNtCs3oCotP8OZr6_5synod8registry13tool_registryNtB2_12ToolRegistry3get
FNDA:52,_RNvMNtNtCs3oCotP8OZr6_5synod8registry13tool_registryNtB2_12ToolRegistry3new
FNDA:93,_RINvMNtNtCs3oCotP8OZr6_5synod8registry13tool_registryNtB3_12ToolRegistry15register_sharedReEB7_
FNDA:4,_RINvMNtNtCs3oCotP8OZr6_5synod8registry13tool_registryNtB3_12ToolRegistry8registerINtNtNtB7_8adapters4tool13FnToolAdapterNCNvMNtNtB7_12orchestrator15session_runtimeNtB1Z_14SessionRuntime25native_adapter_registriess2_0EReEB7_
FNDA:28,_RINvMNtNtCs3oCotP8OZr6_5synod8registry13tool_registryNtB3_12ToolRegistry8registerINtNtNtB7_8adapters4tool13FnToolAdapterNCNvNtB7_7fixture30build_fixture_runtime_for_flows3_0EReEB7_
FNDA:28,_RINvMNtNtCs3oCotP8OZr6_5synod8registry13tool_registryNtB3_12ToolRegistry8registerINtNtNtB7_8adapters4tool13FnToolAdapterNCNvNtB7_7fixture30build_fixture_runtime_for_flows4_0EReEB7_
FNDA:28,_RINvMNtNtCs3oCotP8OZr6_5synod8registry13tool_registryNtB3_12ToolRegistry8registerINtNtNtB7_8adapters4tool13FnToolAdapterNCNvNtB7_7fixture30build_fixture_runtime_for_flows5_0EReEB7_
FNDA:1,_RINvMNtNtCs3oCotP8OZr6_5synod8registry13tool_registryNtB3_12ToolRegistry8registerINtNtNtB7_8adapters4tool13FnToolAdapterNCNvNtNtNtB7_12orchestrator6engine5testss_59execute_step_dispatches_registered_agent_and_tool_endpointss_0EReEB7_
FNDA:4,_RINvMNtNtCs3oCotP8OZr6_5synod8registry13tool_registryNtB3_12ToolRegistry8registerINtNtNtB7_8adapters4tool13FnToolAdapterNvNtNtB7_12orchestrator15session_runtime18native_replan_stepEReEB7_
FNF:4
FNH:4
DA:14,52
DA:15,52
DA:16,52
DA:18,93
DA:19,93
DA:20,93
DA:22,93
DA:23,93
DA:25,93
DA:26,93
DA:27,93
DA:28,93
DA:29,93
DA:30,93
DA:31,93
DA:32,0
DA:33,93
DA:35,93
DA:36,93
DA:37,93
DA:39,14
DA:40,14
DA:41,14
BRF:0
BRH:0
LF:23
LH:22
end_of_record